<?xml version="1.0" encoding="UTF-8" standalone="yes"?><!DOCTYPE report PUBLIC "-//JACOCO//DTD Report 1.1//EN" "report.dtd"><report name="Bibliothèque UNZ"><sessioninfo id="LAPTOP-9F3LOPMN-232345dc" start="1780169964540" dump="1780170042346"/><package name="com/unz/bibliotheque/pattern/strategy"><class name="com/unz/bibliotheque/pattern/strategy/TarifProgressifStrategy" sourcefilename="TarifProgressifStrategy.java"><method name="&lt;init&gt;" desc="()V" line="19"><counter type="INSTRUCTION" missed="0" covered="3"/><counter type="LINE" missed="0" covered="1"/><counter type="COMPLEXITY" missed="0" covered="1"/><counter type="METHOD" missed="0" covered="1"/></method><method name="calculer" desc="(Lcom/unz/bibliotheque/model/Emprunt;)Ljava/math/BigDecimal;" line="37"><counter type="INSTRUCTION" missed="0" covered="54"/><counter type="BRANCH" missed="0" covered="6"/><counter type="LINE" missed="0" covered="13"/><counter type="COMPLEXITY" missed="0" covered="4"/><counter type="METHOD" missed="0" covered="1"/></method><method name="getDescription" desc="()Ljava/lang/String;" line="68"><counter type="INSTRUCTION" missed="0" covered="2"/><counter type="LINE" missed="0" covered="1"/><counter type="COMPLEXITY" missed="0" covered="1"/><counter type="METHOD" missed="0" covered="1"/></method><counter type="INSTRUCTION" missed="0" covered="59"/><counter type="BRANCH" missed="0" covered="6"/><counter type="LINE" missed="0" covered="15"/><counter type="COMPLEXITY" missed="0" covered="6"/><counter type="METHOD" missed="0" covered="3"/><counter type="CLASS" missed="0" covered="1"/></class><class name="com/unz/bibliotheque/pattern/strategy/TarifFixeStrategy" sourcefilename="TarifFixeStrategy.java"><method name="&lt;init&gt;" desc="()V" line="22"><counter type="INSTRUCTION" missed="0" covered="3"/><counter type="LINE" missed="0" covered="1"/><counter type="COMPLEXITY" missed="0" covered="1"/><counter type="METHOD" missed="0" covered="1"/></method><method name="calculer" desc="(Lcom/unz/bibliotheque/model/Emprunt;)Ljava/math/BigDecimal;" line="39"><counter type="INSTRUCTION" missed="0" covered="16"/><counter type="BRANCH" missed="0" covered="2"/><counter type="LINE" missed="0" covered="4"/><counter type="COMPLEXITY" missed="0" covered="2"/><counter type="METHOD" missed="0" covered="1"/></method><method name="getDescription" desc="()Ljava/lang/String;" line="52"><counter type="INSTRUCTION" missed="0" covered="4"/><counter type="LINE" missed="0" covered="1"/><counter type="COMPLEXITY" missed="0" covered="1"/><counter type="METHOD" missed="0" covered="1"/></method><counter type="INSTRUCTION" missed="0" covered="23"/><counter type="BRANCH" missed="0" covered="2"/><counter type="LINE" missed="0" covered="6"/><counter type="COMPLEXITY" missed="0" covered="4"/><counter type="METHOD" missed="0" covered="3"/><counter type="CLASS" missed="0" covered="1"/></class><class name="com/unz/bibliotheque/pattern/strategy/PenaliteStrategy" sourcefilename="PenaliteStrategy.java"/><sourcefile name="PenaliteStrategy.java"/><sourcefile name="TarifProgressifStrategy.java"><line nr="19" mi="0" ci="3" mb="0" cb="0"/><line nr="37" mi="0" ci="3" mb="0" cb="0"/><line nr="38" mi="0" ci="4" mb="0" cb="2"/><line nr="39" mi="0" ci="2" mb="0" cb="0"/><line nr="42" mi="0" ci="2" mb="0" cb="0"/><line nr="45" mi="0" ci="4" mb="0" cb="0"/><line nr="46" mi="0" ci="6" mb="0" cb="0"/><line nr="49" mi="0" ci="4" mb="0" cb="2"/><line nr="50" mi="0" ci="6" mb="0" cb="0"/><line nr="51" mi="0" ci="6" mb="0" cb="0"/><line nr="55" mi="0" ci="4" mb="0" cb="2"/><line nr="56" mi="0" ci="4" mb="0" cb="0"/><line nr="57" mi="0" ci="6" mb="0" cb="0"/><line nr="60" mi="0" ci="3" mb="0" cb="0"/><line nr="68" mi="0" ci="2" mb="0" cb="0"/><counter type="INSTRUCTION" missed="0" covered="59"/><counter type="BRANCH" missed="0" covered="6"/><counter type="LINE" missed="0" covered="15"/><counter type="COMPLEXITY" missed="0" covered="6"/><counter type="METHOD" missed="0" covered="3"/><counter type="CLASS" missed="0" covered="1"/></sourcefile><sourcefile name="TarifFixeStrategy.java"><line nr="22" mi="0" ci="3" mb="0" cb="0"/><line nr="39" mi="0" ci="3" mb="0" cb="0"/><line nr="40" mi="0" ci="4" mb="0" cb="2"/><line nr="41" mi="0" ci="2" mb="0" cb="0"/><line nr="44" mi="0" ci="7" mb="0" cb="0"/><line nr="52" mi="0" ci="4" mb="0" cb="0"/><counter type="INSTRUCTION" missed="0" covered="23"/><counter type="BRANCH" missed="0" covered="2"/><counter type="LINE" missed="0" covered="6"/><counter type="COMPLEXITY" missed="0" covered="4"/><counter type="METHOD" missed="0" covered="3"/><counter type="CLASS" missed="0" covered="1"/></sourcefile><counter type="INSTRUCTION" missed="0" covered="82"/><counter type="BRANCH" missed="0" covered="8"/><counter type="LINE" missed="0" covered="21"/><counter type="COMPLEXITY" missed="0" covered="10"/><counter type="METHOD" missed="0" covered="6"/><counter type="CLASS" missed="0" covered="2"/></package><package name="com/unz/bibliotheque/repository"><class name="com/unz/bibliotheque/repository/UtilisateurRepository" sourcefilename="UtilisateurRepository.java"/><class name="com/unz/bibliotheque/repository/EmpruntRepository" sourcefilename="EmpruntRepository.java"/><class name="com/unz/bibliotheque/repository/CategorieRepository" sourcefilename="CategorieRepository.java"/><class name="com/unz/bibliotheque/repository/OuvrageRepository" sourcefilename="OuvrageRepository.java"/><class name="com/unz/bibliotheque/repository/ConfigurationRepository" sourcefilename="ConfigurationRepository.java"/><class name="com/unz/bibliotheque/repository/ExemplaireRepository" sourcefilename="ExemplaireRepository.java"/><class name="com/unz/bibliotheque/repository/EtudiantRepository" sourcefilename="EtudiantRepository.java"/><class name="com/unz/bibliotheque/repository/PenaliteRepository" sourcefilename="PenaliteRepository.java"/><class name="com/unz/bibliotheque/repository/NotificationRepository" sourcefilename="NotificationRepository.java"/><class name="com/unz/bibliotheque/repository/ReservationRepository" sourcefilename="ReservationRepository.java"/><sourcefile name="EtudiantRepository.java"/><sourcefile name="ConfigurationRepository.java"/><sourcefile name="PenaliteRepository.java"/><sourcefile name="UtilisateurRepository.java"/><sourcefile name="ReservationRepository.java"/><sourcefile name="OuvrageRepository.java"/><sourcefile name="CategorieRepository.java"/><sourcefile name="EmpruntRepository.java"/><sourcefile name="NotificationRepository.java"/><sourcefile name="ExemplaireRepository.java"/></package><package name="com/unz/bibliotheque/pattern/factory"><class name="com/unz/bibliotheque/pattern/factory/UtilisateurFactory" sourcefilename="UtilisateurFactory.java"><method name="&lt;init&gt;" desc="()V" line="17"><counter type="INSTRUCTION" missed="3" covered="0"/><counter type="LINE" missed="1" covered="0"/><counter type="COMPLEXITY" missed="1" covered="0"/><counter type="METHOD" missed="1" covered="0"/></method><method name="creerUtilisateur" desc="(Lcom/unz/bibliotheque/model/enums/Role;Ljava/lang/String;Ljava/lang/String;Ljava/lang/String;)Lcom/unz/bibliotheque/model/Utilisateur;" line="30"><counter type="INSTRUCTION" missed="0" covered="72"/><counter type="BRANCH" missed="0" covered="3"/><counter type="LINE" missed="0" covered="22"/><counter type="COMPLEXITY" missed="0" covered="3"/><counter type="METHOD" missed="0" covered="1"/></method><counter type="INSTRUCTION" missed="3" covered="72"/><counter type="BRANCH" missed="0" covered="3"/><counter type="LINE" missed="1" covered="22"/><counter type="COMPLEXITY" missed="1" covered="3"/><counter type="METHOD" missed="1" covered="1"/><counter type="CLASS" missed="0" covered="1"/></class><sourcefile name="UtilisateurFactory.java"><line nr="17" mi="3" ci="0" mb="0" cb="0"/><line nr="30" mi="0" ci="6" mb="0" cb="3"/><line nr="32" mi="0" ci="4" mb="0" cb="0"/><line nr="33" mi="0" ci="3" mb="0" cb="0"/><line nr="34" mi="0" ci="3" mb="0" cb="0"/><line nr="35" mi="0" ci="3" mb="0" cb="0"/><line nr="36" mi="0" ci="3" mb="0" cb="0"/><line nr="37" mi="0" ci="4" mb="0" cb="0"/><line nr="38" mi="0" ci="2" mb="0" cb="0"/><line nr="41" mi="0" ci="4" mb="0" cb="0"/><line nr="42" mi="0" ci="3" mb="0" cb="0"/><line nr="43" mi="0" ci="3" mb="0" cb="0"/><line nr="44" mi="0" ci="3" mb="0" cb="0"/><line nr="45" mi="0" ci="3" mb="0" cb="0"/><line nr="46" mi="0" ci="4" mb="0" cb="0"/><line nr="47" mi="0" ci="2" mb="0" cb="0"/><line nr="50" mi="0" ci="4" mb="0" cb="0"/><line nr="51" mi="0" ci="3" mb="0" cb="0"/><line nr="52" mi="0" ci="3" mb="0" cb="0"/><line nr="53" mi="0" ci="3" mb="0" cb="0"/><line nr="54" mi="0" ci="3" mb="0" cb="0"/><line nr="55" mi="0" ci="4" mb="0" cb="0"/><line nr="56" mi="0" ci="2" mb="0" cb="0"/><counter type="INSTRUCTION" missed="3" covered="72"/><counter type="BRANCH" missed="0" covered="3"/><counter type="LINE" missed="1" covered="22"/><counter type="COMPLEXITY" missed="1" covered="3"/><counter type="METHOD" missed="1" covered="1"/><counter type="CLASS" missed="0" covered="1"/></sourcefile><counter type="INSTRUCTION" missed="3" covered="72"/><counter type="BRANCH" missed="0" covered="3"/><counter type="LINE" missed="1" covered="22"/><counter type="COMPLEXITY" missed="1" covered="3"/><counter type="METHOD" missed="1" covered="1"/><counter type="CLASS" missed="0" covered="1"/></package><package name="com/unz/bibliotheque/model"><class name="com/unz/bibliotheque/model/Etudiant" sourcefilename="Etudiant.java"><method name="getNombreEmpruntsActifs" desc="()J" line="62"><counter type="INSTRUCTION" missed="7" covered="0"/><counter type="LINE" missed="3" covered="0"/><counter type="COMPLEXITY" missed="1" covered="0"/><counter type="METHOD" missed="1" covered="0"/></method><method name="getMatricule" desc="()Ljava/lang/String;" line="30"><counter type="INSTRUCTION" missed="3" covered="0"/><counter type="LINE" missed="1" covered="0"/><counter type="COMPLEXITY" missed="1" covered="0"/><counter type="METHOD" missed="1" covered="0"/></method><method name="getFiliere" desc="()Ljava/lang/String;" line="35"><counter type="INSTRUCTION" missed="3" covered="0"/><counter type="LINE" missed="1" covered="0"/><counter type="COMPLEXITY" missed="1" covered="0"/><counter type="METHOD" missed="1" covered="0"/></method><method name="getNiveau" desc="()Ljava/lang/String;" line="40"><counter type="INSTRUCTION" missed="3" covered="0"/><counter type="LINE" missed="1" covered="0"/><counter type="COMPLEXITY" missed="1" covered="0"/><counter type="METHOD" missed="1" covered="0"/></method><method name="getEmprunts" desc="()Ljava/util/List;" line="47"><counter type="INSTRUCTION" missed="3" covered="0"/><counter type="LINE" missed="1" covered="0"/><counter type="COMPLEXITY" missed="1" covered="0"/><counter type="METHOD" missed="1" covered="0"/></method><method name="getReservations" desc="()Ljava/util/List;" line="53"><counter type="INSTRUCTION" missed="3" covered="0"/><counter type="LINE" missed="1" covered="0"/><counter type="COMPLEXITY" missed="1" covered="0"/><counter type="METHOD" missed="1" covered="0"/></method><method name="setMatricule" desc="(Ljava/lang/String;)V" line="22"><counter type="INSTRUCTION" missed="0" covered="4"/><counter type="LINE" missed="0" covered="1"/><counter type="COMPLEXITY" missed="0" covered="1"/><counter type="METHOD" missed="0" covered="1"/></method><method name="setFiliere" desc="(Ljava/lang/String;)V" line="22"><counter type="INSTRUCTION" missed="0" covered="4"/><counter type="LINE" missed="0" covered="1"/><counter type="COMPLEXITY" missed="0" covered="1"/><counter type="METHOD" missed="0" covered="1"/></method><method name="setNiveau" desc="(Ljava/lang/String;)V" line="22"><counter type="INSTRUCTION" missed="0" covered="4"/><counter type="LINE" missed="0" covered="1"/><counter type="COMPLEXITY" missed="0" covered="1"/><counter type="METHOD" missed="0" covered="1"/></method><method name="setEmprunts" desc="(Ljava/util/List;)V" line="22"><counter type="INSTRUCTION" missed="4" covered="0"/><counter type="LINE" missed="1" covered="0"/><counter type="COMPLEXITY" missed="1" covered="0"/><counter type="METHOD" missed="1" covered="0"/></method><method name="setReservations" desc="(Ljava/util/List;)V" line="22"><counter type="INSTRUCTION" missed="4" covered="0"/><counter type="LINE" missed="1" covered="0"/><counter type="COMPLEXITY" missed="1" covered="0"/><counter type="METHOD" missed="1" covered="0"/></method><method name="&lt;init&gt;" desc="()V" line="23"><counter type="INSTRUCTION" missed="0" covered="13"/><counter type="LINE" missed="0" covered="3"/><counter type="COMPLEXITY" missed="0" covered="1"/><counter type="METHOD" missed="0" covered="1"/></method><method name="&lt;init&gt;" desc="(Ljava/lang/String;Ljava/lang/String;Ljava/lang/String;Ljava/util/List;Ljava/util/List;)V" line="24"><counter type="INSTRUCTION" missed="28" covered="0"/><counter type="LINE" missed="3" covered="0"/><counter type="COMPLEXITY" missed="1" covered="0"/><counter type="METHOD" missed="1" covered="0"/></method><method name="lambda$getNombreEmpruntsActifs$0" desc="(Lcom/unz/bibliotheque/model/Emprunt;)Z" line="63"><counter type="INSTRUCTION" missed="13" covered="0"/><counter type="BRANCH" missed="4" covered="0"/><counter type="LINE" missed="1" covered="0"/><counter type="COMPLEXITY" missed="3" covered="0"/><counter type="METHOD" missed="1" covered="0"/></method><counter type="INSTRUCTION" missed="71" covered="25"/><counter type="BRANCH" missed="4" covered="0"/><counter type="LINE" missed="9" covered="4"/><counter type="COMPLEXITY" missed="12" covered="4"/><counter type="METHOD" missed="10" covered="4"/><counter type="CLASS" missed="0" covered="1"/></class><class name="com/unz/bibliotheque/model/Notification" sourcefilename="Notification.java"><method name="marquerLu" desc="()V" line="57"><counter type="INSTRUCTION" missed="5" covered="0"/><counter type="LINE" missed="2" covered="0"/><counter type="COMPLEXITY" missed="1" covered="0"/><counter type="METHOD" missed="1" covered="0"/></method><method name="getId" desc="()Ljava/lang/Long;" line="25"><counter type="INSTRUCTION" missed="3" covered="0"/><counter type="LINE" missed="1" covered="0"/><counter type="COMPLEXITY" missed="1" covered="0"/><counter type="METHOD" missed="1" covered="0"/></method><method name="getDestinataire" desc="()Lcom/unz/bibliotheque/model/Utilisateur;" line="30"><counter type="INSTRUCTION" missed="3" covered="0"/><counter type="LINE" missed="1" covered="0"/><counter type="COMPLEXITY" missed="1" covered="0"/><counter type="METHOD" missed="1" covered="0"/></method><method name="getType" desc="()Lcom/unz/bibliotheque/model/enums/TypeNotification;" line="35"><counter type="INSTRUCTION" missed="3" covered="0"/><counter type="LINE" missed="1" covered="0"/><counter type="COMPLEXITY" missed="1" covered="0"/><counter type="METHOD" missed="1" covered="0"/></method><method name="getSujet" desc="()Ljava/lang/String;" line="39"><counter type="INSTRUCTION" missed="3" covered="0"/><counter type="LINE" missed="1" covered="0"/><counter type="COMPLEXITY" missed="1" covered="0"/><counter type="METHOD" missed="1" covered="0"/></method><method name="getMessage" desc="()Ljava/lang/String;" line="43"><counter type="INSTRUCTION" missed="3" covered="0"/><counter type="LINE" missed="1" covered="0"/><counter type="COMPLEXITY" missed="1" covered="0"/><counter type="METHOD" missed="1" covered="0"/></method><method name="getLu" desc="()Ljava/lang/Boolean;" line="47"><counter type="INSTRUCTION" missed="3" covered="0"/><counter type="LINE" missed="1" covered="0"/><counter type="COMPLEXITY" missed="1" covered="0"/><counter type="METHOD" missed="1" covered="0"/></method><method name="getDateEnvoi" desc="()Ljava/time/LocalDateTime;" line="51"><counter type="INSTRUCTION" missed="3" covered="0"/><counter type="LINE" missed="1" covered="0"/><counter type="COMPLEXITY" missed="1" covered="0"/><counter type="METHOD" missed="1" covered="0"/></method><method name="setId" desc="(Ljava/lang/Long;)V" line="20"><counter type="INSTRUCTION" missed="4" covered="0"/><counter type="LINE" missed="1" covered="0"/><counter type="COMPLEXITY" missed="1" covered="0"/><counter type="METHOD" missed="1" covered="0"/></method><method name="setDestinataire" desc="(Lcom/unz/bibliotheque/model/Utilisateur;)V" line="20"><counter type="INSTRUCTION" missed="0" covered="4"/><counter type="LINE" missed="0" covered="1"/><counter type="COMPLEXITY" missed="0" covered="1"/><counter type="METHOD" missed="0" covered="1"/></method><method name="setType" desc="(Lcom/unz/bibliotheque/model/enums/TypeNotification;)V" line="20"><counter type="INSTRUCTION" missed="0" covered="4"/><counter type="LINE" missed="0" covered="1"/><counter type="COMPLEXITY" missed="0" covered="1"/><counter type="METHOD" missed="0" covered="1"/></method><method name="setSujet" desc="(Ljava/lang/String;)V" line="20"><counter type="INSTRUCTION" missed="0" covered="4"/><counter type="LINE" missed="0" covered="1"/><counter type="COMPLEXITY" missed="0" covered="1"/><counter type="METHOD" missed="0" covered="1"/></method><method name="setMessage" desc="(Ljava/lang/String;)V" line="20"><counter type="INSTRUCTION" missed="0" covered="4"/><counter type="LINE" missed="0" covered="1"/><counter type="COMPLEXITY" missed="0" covered="1"/><counter type="METHOD" missed="0" covered="1"/></method><method name="setLu" desc="(Ljava/lang/Boolean;)V" line="20"><counter type="INSTRUCTION" missed="4" covered="0"/><counter type="LINE" missed="1" covered="0"/><counter type="COMPLEXITY" missed="1" covered="0"/><counter type="METHOD" missed="1" covered="0"/></method><method name="setDateEnvoi" desc="(Ljava/time/LocalDateTime;)V" line="20"><counter type="INSTRUCTION" missed="4" covered="0"/><counter type="LINE" missed="1" covered="0"/><counter type="COMPLEXITY" missed="1" covered="0"/><counter type="METHOD" missed="1" covered="0"/></method><method name="&lt;init&gt;" desc="()V" line="20"><counter type="INSTRUCTION" missed="0" covered="10"/><counter type="LINE" missed="0" covered="5"/><counter type="COMPLEXITY" missed="0" covered="1"/><counter type="METHOD" missed="0" covered="1"/></method><method name="&lt;init&gt;" desc="(Ljava/lang/Long;Lcom/unz/bibliotheque/model/Utilisateur;Lcom/unz/bibliotheque/model/enums/TypeNotification;Ljava/lang/String;Ljava/lang/String;Ljava/lang/Boolean;Ljava/time/LocalDateTime;)V" line="20"><counter type="INSTRUCTION" missed="31" covered="0"/><counter type="LINE" missed="5" covered="0"/><counter type="COMPLEXITY" missed="1" covered="0"/><counter type="METHOD" missed="1" covered="0"/></method><counter type="INSTRUCTION" missed="69" covered="26"/><counter type="LINE" missed="7" covered="5"/><counter type="COMPLEXITY" missed="12" covered="5"/><counter type="METHOD" missed="12" covered="5"/><counter type="CLASS" missed="0" covered="1"/></class><class name="com/unz/bibliotheque/model/Penalite" sourcefilename="Penalite.java"><method name="marquerPayee" desc="()V" line="63"><counter type="INSTRUCTION" missed="0" covered="8"/><counter type="LINE" missed="0" covered="3"/><counter type="COMPLEXITY" missed="0" covered="1"/><counter type="METHOD" missed="0" covered="1"/></method><method name="getId" desc="()Ljava/lang/Long;" line="25"><counter type="INSTRUCTION" missed="3" covered="0"/><counter type="LINE" missed="1" covered="0"/><counter type="COMPLEXITY" missed="1" covered="0"/><counter type="METHOD" missed="1" covered="0"/></method><method name="getEmprunt" desc="()Lcom/unz/bibliotheque/model/Emprunt;" line="33"><counter type="INSTRUCTION" missed="0" covered="3"/><counter type="LINE" missed="0" covered="1"/><counter type="COMPLEXITY" missed="0" covered="1"/><counter type="METHOD" missed="0" covered="1"/></method><method name="getMontant" desc="()Ljava/math/BigDecimal;" line="37"><counter type="INSTRUCTION" missed="0" covered="3"/><counter type="LINE" missed="0" covered="1"/><counter type="COMPLEXITY" missed="0" covered="1"/><counter type="METHOD" missed="0" covered="1"/></method><method name="getJoursRetard" desc="()Ljava/lang/Long;" line="41"><counter type="INSTRUCTION" missed="0" covered="3"/><counter type="LINE" missed="0" covered="1"/><counter type="COMPLEXITY" missed="0" covered="1"/><counter type="METHOD" missed="0" covered="1"/></method><method name="getPayee" desc="()Ljava/lang/Boolean;" line="45"><counter type="INSTRUCTION" missed="0" covered="3"/><counter type="LINE" missed="0" covered="1"/><counter type="COMPLEXITY" missed="0" covered="1"/><counter type="METHOD" missed="0" covered="1"/></method><method name="getDateCreation" desc="()Ljava/time/LocalDateTime;" line="49"><counter type="INSTRUCTION" missed="3" covered="0"/><counter type="LINE" missed="1" covered="0"/><counter type="COMPLEXITY" missed="1" covered="0"/><counter type="METHOD" missed="1" covered="0"/></method><method name="getDatePaiement" desc="()Ljava/time/LocalDateTime;" line="53"><counter type="INSTRUCTION" missed="0" covered="3"/><counter type="LINE" missed="0" covered="1"/><counter type="COMPLEXITY" missed="0" covered="1"/><counter type="METHOD" missed="0" covered="1"/></method><method name="getStrategieUtilisee" desc="()Ljava/lang/String;" line="57"><counter type="INSTRUCTION" missed="0" covered="3"/><counter type="LINE" missed="0" covered="1"/><counter type="COMPLEXITY" missed="0" covered="1"/><counter type="METHOD" missed="0" covered="1"/></method><method name="setId" desc="(Ljava/lang/Long;)V" line="20"><counter type="INSTRUCTION" missed="0" covered="4"/><counter type="LINE" missed="0" covered="1"/><counter type="COMPLEXITY" missed="0" covered="1"/><counter type="METHOD" missed="0" covered="1"/></method><method name="setEmprunt" desc="(Lcom/unz/bibliotheque/model/Emprunt;)V" line="20"><counter type="INSTRUCTION" missed="0" covered="4"/><counter type="LINE" missed="0" covered="1"/><counter type="COMPLEXITY" missed="0" covered="1"/><counter type="METHOD" missed="0" covered="1"/></method><method name="setMontant" desc="(Ljava/math/BigDecimal;)V" line="20"><counter type="INSTRUCTION" missed="0" covered="4"/><counter type="LINE" missed="0" covered="1"/><counter type="COMPLEXITY" missed="0" covered="1"/><counter type="METHOD" missed="0" covered="1"/></method><method name="setJoursRetard" desc="(Ljava/lang/Long;)V" line="20"><counter type="INSTRUCTION" missed="0" covered="4"/><counter type="LINE" missed="0" covered="1"/><counter type="COMPLEXITY" missed="0" covered="1"/><counter type="METHOD" missed="0" covered="1"/></method><method name="setPayee" desc="(Ljava/lang/Boolean;)V" line="20"><counter type="INSTRUCTION" missed="0" covered="4"/><counter type="LINE" missed="0" covered="1"/><counter type="COMPLEXITY" missed="0" covered="1"/><counter type="METHOD" missed="0" covered="1"/></method><method name="setDateCreation" desc="(Ljava/time/LocalDateTime;)V" line="20"><counter type="INSTRUCTION" missed="0" covered="4"/><counter type="LINE" missed="0" covered="1"/><counter type="COMPLEXITY" missed="0" covered="1"/><counter type="METHOD" missed="0" covered="1"/></method><method name="setDatePaiement" desc="(Ljava/time/LocalDateTime;)V" line="20"><counter type="INSTRUCTION" missed="4" covered="0"/><counter type="LINE" missed="1" covered="0"/><counter type="COMPLEXITY" missed="1" covered="0"/><counter type="METHOD" missed="1" covered="0"/></method><method name="setStrategieUtilisee" desc="(Ljava/lang/String;)V" line="20"><counter type="INSTRUCTION" missed="0" covered="4"/><counter type="LINE" missed="0" covered="1"/><counter type="COMPLEXITY" missed="0" covered="1"/><counter type="METHOD" missed="0" covered="1"/></method><method name="&lt;init&gt;" desc="()V" line="20"><counter type="INSTRUCTION" missed="0" covered="17"/><counter type="LINE" missed="0" covered="8"/><counter type="COMPLEXITY" missed="0" covered="1"/><counter type="METHOD" missed="0" covered="1"/></method><method name="&lt;init&gt;" desc="(Ljava/lang/Long;Lcom/unz/bibliotheque/model/Emprunt;Ljava/math/BigDecimal;Ljava/lang/Long;Ljava/lang/Boolean;Ljava/time/LocalDateTime;Ljava/time/LocalDateTime;Ljava/lang/String;)V" line="20"><counter type="INSTRUCTION" missed="41" covered="0"/><counter type="LINE" missed="8" covered="0"/><counter type="COMPLEXITY" missed="1" covered="0"/><counter type="METHOD" missed="1" covered="0"/></method><counter type="INSTRUCTION" missed="51" covered="71"/><counter type="LINE" missed="1" covered="15"/><counter type="COMPLEXITY" missed="4" covered="15"/><counter type="METHOD" missed="4" covered="15"/><counter type="CLASS" missed="0" covered="1"/></class><class name="com/unz/bibliotheque/model/Categorie" sourcefilename="Categorie.java"><method name="getId" desc="()Ljava/lang/Long;" line="20"><counter type="INSTRUCTION" missed="3" covered="0"/><counter type="LINE" missed="1" covered="0"/><counter type="COMPLEXITY" missed="1" covered="0"/><counter type="METHOD" missed="1" covered="0"/></method><method name="getNom" desc="()Ljava/lang/String;" line="26"><counter type="INSTRUCTION" missed="3" covered="0"/><counter type="LINE" missed="1" covered="0"/><counter type="COMPLEXITY" missed="1" covered="0"/><counter type="METHOD" missed="1" covered="0"/></method><method name="getDescription" desc="()Ljava/lang/String;" line="30"><counter type="INSTRUCTION" missed="3" covered="0"/><counter type="LINE" missed="1" covered="0"/><counter type="COMPLEXITY" missed="1" covered="0"/><counter type="METHOD" missed="1" covered="0"/></method><method name="getCouleur" desc="()Ljava/lang/String;" line="34"><counter type="INSTRUCTION" missed="3" covered="0"/><counter type="LINE" missed="1" covered="0"/><counter type="COMPLEXITY" missed="1" covered="0"/><counter type="METHOD" missed="1" covered="0"/></method><method name="getOuvrages" desc="()Ljava/util/List;" line="38"><counter type="INSTRUCTION" missed="3" covered="0"/><counter type="LINE" missed="1" covered="0"/><counter type="COMPLEXITY" missed="1" covered="0"/><counter type="METHOD" missed="1" covered="0"/></method><method name="setId" desc="(Ljava/lang/Long;)V" line="15"><counter type="INSTRUCTION" missed="4" covered="0"/><counter type="LINE" missed="1" covered="0"/><counter type="COMPLEXITY" missed="1" covered="0"/><counter type="METHOD" missed="1" covered="0"/></method><method name="setNom" desc="(Ljava/lang/String;)V" line="15"><counter type="INSTRUCTION" missed="4" covered="0"/><counter type="LINE" missed="1" covered="0"/><counter type="COMPLEXITY" missed="1" covered="0"/><counter type="METHOD" missed="1" covered="0"/></method><method name="setDescription" desc="(Ljava/lang/String;)V" line="15"><counter type="INSTRUCTION" missed="4" covered="0"/><counter type="LINE" missed="1" covered="0"/><counter type="COMPLEXITY" missed="1" covered="0"/><counter type="METHOD" missed="1" covered="0"/></method><method name="setCouleur" desc="(Ljava/lang/String;)V" line="15"><counter type="INSTRUCTION" missed="4" covered="0"/><counter type="LINE" missed="1" covered="0"/><counter type="COMPLEXITY" missed="1" covered="0"/><counter type="METHOD" missed="1" covered="0"/></method><method name="setOuvrages" desc="(Ljava/util/List;)V" line="15"><counter type="INSTRUCTION" missed="4" covered="0"/><counter type="LINE" missed="1" covered="0"/><counter type="COMPLEXITY" missed="1" covered="0"/><counter type="METHOD" missed="1" covered="0"/></method><method name="&lt;init&gt;" desc="()V" line="15"><counter type="INSTRUCTION" missed="0" covered="11"/><counter type="LINE" missed="0" covered="3"/><counter type="COMPLEXITY" missed="0" covered="1"/><counter type="METHOD" missed="0" covered="1"/></method><method name="&lt;init&gt;" desc="(Ljava/lang/Long;Ljava/lang/String;Ljava/lang/String;Ljava/lang/String;Ljava/util/List;)V" line="15"><counter type="INSTRUCTION" missed="26" covered="0"/><counter type="LINE" missed="3" covered="0"/><counter type="COMPLEXITY" missed="1" covered="0"/><counter type="METHOD" missed="1" covered="0"/></method><counter type="INSTRUCTION" missed="61" covered="11"/><counter type="LINE" missed="5" covered="3"/><counter type="COMPLEXITY" missed="11" covered="1"/><counter type="METHOD" missed="11" covered="1"/><counter type="CLASS" missed="0" covered="1"/></class><class name="com/unz/bibliotheque/model/Administrateur" sourcefilename="Administrateur.java"><method name="getDepartement" desc="()Ljava/lang/String;" line="28"><counter type="INSTRUCTION" missed="3" covered="0"/><counter type="LINE" missed="1" covered="0"/><counter type="COMPLEXITY" missed="1" covered="0"/><counter type="METHOD" missed="1" covered="0"/></method><method name="setDepartement" desc="(Ljava/lang/String;)V" line="21"><counter type="INSTRUCTION" missed="4" covered="0"/><counter type="LINE" missed="1" covered="0"/><counter type="COMPLEXITY" missed="1" covered="0"/><counter type="METHOD" missed="1" covered="0"/></method><method name="&lt;init&gt;" desc="()V" line="22"><counter type="INSTRUCTION" missed="0" covered="3"/><counter type="LINE" missed="0" covered="1"/><counter type="COMPLEXITY" missed="0" covered="1"/><counter type="METHOD" missed="0" covered="1"/></method><method name="&lt;init&gt;" desc="(Ljava/lang/String;)V" line="23"><counter type="INSTRUCTION" missed="6" covered="0"/><counter type="LINE" missed="1" covered="0"/><counter type="COMPLEXITY" missed="1" covered="0"/><counter type="METHOD" missed="1" covered="0"/></method><counter type="INSTRUCTION" missed="13" covered="3"/><counter type="LINE" missed="3" covered="1"/><counter type="COMPLEXITY" missed="3" covered="1"/><counter type="METHOD" missed="3" covered="1"/><counter type="CLASS" missed="0" covered="1"/></class><class name="com/unz/bibliotheque/model/Ouvrage" sourcefilename="Ouvrage.java"><method name="estDisponible" desc="()Z" line="81"><counter type="INSTRUCTION" missed="0" covered="6"/><counter type="LINE" missed="0" covered="2"/><counter type="COMPLEXITY" missed="0" covered="1"/><counter type="METHOD" missed="0" covered="1"/></method><method name="getNombreExemplairesDisponibles" desc="()J" line="91"><counter type="INSTRUCTION" missed="0" covered="7"/><counter type="LINE" missed="0" covered="3"/><counter type="COMPLEXITY" missed="0" covered="1"/><counter type="METHOD" missed="0" covered="1"/></method><method name="getPremierExemplaireDisponible" desc="()Lcom/unz/bibliotheque/model/Exemplaire;" line="102"><counter type="INSTRUCTION" missed="0" covered="10"/><counter type="LINE" missed="0" covered="4"/><counter type="COMPLEXITY" missed="0" covered="1"/><counter type="METHOD" missed="0" covered="1"/></method><method name="getId" desc="()Ljava/lang/Long;" line="24"><counter type="INSTRUCTION" missed="3" covered="0"/><counter type="LINE" missed="1" covered="0"/><counter type="COMPLEXITY" missed="1" covered="0"/><counter type="METHOD" missed="1" covered="0"/></method><method name="getTitre" desc="()Ljava/lang/String;" line="30"><counter type="INSTRUCTION" missed="0" covered="3"/><counter type="LINE" missed="0" covered="1"/><counter type="COMPLEXITY" missed="0" covered="1"/><counter type="METHOD" missed="0" covered="1"/></method><method name="getIsbn" desc="()Ljava/lang/String;" line="34"><counter type="INSTRUCTION" missed="3" covered="0"/><counter type="LINE" missed="1" covered="0"/><counter type="COMPLEXITY" missed="1" covered="0"/><counter type="METHOD" missed="1" covered="0"/></method><method name="getAuteur" desc="()Ljava/lang/String;" line="40"><counter type="INSTRUCTION" missed="0" covered="3"/><counter type="LINE" missed="0" covered="1"/><counter type="COMPLEXITY" missed="0" covered="1"/><counter type="METHOD" missed="0" covered="1"/></method><method name="getEditeur" desc="()Ljava/lang/String;" line="44"><counter type="INSTRUCTION" missed="3" covered="0"/><counter type="LINE" missed="1" covered="0"/><counter type="COMPLEXITY" missed="1" covered="0"/><counter type="METHOD" missed="1" covered="0"/></method><method name="getAnneePublication" desc="()Ljava/lang/Integer;" line="48"><counter type="INSTRUCTION" missed="3" covered="0"/><counter type="LINE" missed="1" covered="0"/><counter type="COMPLEXITY" missed="1" covered="0"/><counter type="METHOD" missed="1" covered="0"/></method><method name="getDescription" desc="()Ljava/lang/String;" line="52"><counter type="INSTRUCTION" missed="3" covered="0"/><counter type="LINE" missed="1" covered="0"/><counter type="COMPLEXITY" missed="1" covered="0"/><counter type="METHOD" missed="1" covered="0"/></method><method name="getImageCouverture" desc="()Ljava/lang/String;" line="56"><counter type="INSTRUCTION" missed="3" covered="0"/><counter type="LINE" missed="1" covered="0"/><counter type="COMPLEXITY" missed="1" covered="0"/><counter type="METHOD" missed="1" covered="0"/></method><method name="getCategorie" desc="()Lcom/unz/bibliotheque/model/Categorie;" line="61"><counter type="INSTRUCTION" missed="3" covered="0"/><counter type="LINE" missed="1" covered="0"/><counter type="COMPLEXITY" missed="1" covered="0"/><counter type="METHOD" missed="1" covered="0"/></method><method name="getArchive" desc="()Ljava/lang/Boolean;" line="69"><counter type="INSTRUCTION" missed="0" covered="3"/><counter type="LINE" missed="0" covered="1"/><counter type="COMPLEXITY" missed="0" covered="1"/><counter type="METHOD" missed="0" covered="1"/></method><method name="getExemplaires" desc="()Ljava/util/List;" line="73"><counter type="INSTRUCTION" missed="0" covered="3"/><counter type="LINE" missed="0" covered="1"/><counter type="COMPLEXITY" missed="0" covered="1"/><counter type="METHOD" missed="0" covered="1"/></method><method name="setId" desc="(Ljava/lang/Long;)V" line="19"><counter type="INSTRUCTION" missed="0" covered="4"/><counter type="LINE" missed="0" covered="1"/><counter type="COMPLEXITY" missed="0" covered="1"/><counter type="METHOD" missed="0" covered="1"/></method><method name="setTitre" desc="(Ljava/lang/String;)V" line="19"><counter type="INSTRUCTION" missed="0" covered="4"/><counter type="LINE" missed="0" covered="1"/><counter type="COMPLEXITY" missed="0" covered="1"/><counter type="METHOD" missed="0" covered="1"/></method><method name="setIsbn" desc="(Ljava/lang/String;)V" line="19"><counter type="INSTRUCTION" missed="4" covered="0"/><counter type="LINE" missed="1" covered="0"/><counter type="COMPLEXITY" missed="1" covered="0"/><counter type="METHOD" missed="1" covered="0"/></method><method name="setAuteur" desc="(Ljava/lang/String;)V" line="19"><counter type="INSTRUCTION" missed="0" covered="4"/><counter type="LINE" missed="0" covered="1"/><counter type="COMPLEXITY" missed="0" covered="1"/><counter type="METHOD" missed="0" covered="1"/></method><method name="setEditeur" desc="(Ljava/lang/String;)V" line="19"><counter type="INSTRUCTION" missed="4" covered="0"/><counter type="LINE" missed="1" covered="0"/><counter type="COMPLEXITY" missed="1" covered="0"/><counter type="METHOD" missed="1" covered="0"/></method><method name="setAnneePublication" desc="(Ljava/lang/Integer;)V" line="19"><counter type="INSTRUCTION" missed="4" covered="0"/><counter type="LINE" missed="1" covered="0"/><counter type="COMPLEXITY" missed="1" covered="0"/><counter type="METHOD" missed="1" covered="0"/></method><method name="setDescription" desc="(Ljava/lang/String;)V" line="19"><counter type="INSTRUCTION" missed="4" covered="0"/><counter type="LINE" missed="1" covered="0"/><counter type="COMPLEXITY" missed="1" covered="0"/><counter type="METHOD" missed="1" covered="0"/></method><method name="setImageCouverture" desc="(Ljava/lang/String;)V" line="19"><counter type="INSTRUCTION" missed="4" covered="0"/><counter type="LINE" missed="1" covered="0"/><counter type="COMPLEXITY" missed="1" covered="0"/><counter type="METHOD" missed="1" covered="0"/></method><method name="setCategorie" desc="(Lcom/unz/bibliotheque/model/Categorie;)V" line="19"><counter type="INSTRUCTION" missed="4" covered="0"/><counter type="LINE" missed="1" covered="0"/><counter type="COMPLEXITY" missed="1" covered="0"/><counter type="METHOD" missed="1" covered="0"/></method><method name="setArchive" desc="(Ljava/lang/Boolean;)V" line="19"><counter type="INSTRUCTION" missed="0" covered="4"/><counter type="LINE" missed="0" covered="1"/><counter type="COMPLEXITY" missed="0" covered="1"/><counter type="METHOD" missed="0" covered="1"/></method><method name="setExemplaires" desc="(Ljava/util/List;)V" line="19"><counter type="INSTRUCTION" missed="0" covered="4"/><counter type="LINE" missed="0" covered="1"/><counter type="COMPLEXITY" missed="0" covered="1"/><counter type="METHOD" missed="0" covered="1"/></method><method name="&lt;init&gt;" desc="()V" line="19"><counter type="INSTRUCTION" missed="0" covered="12"/><counter type="LINE" missed="0" covered="4"/><counter type="COMPLEXITY" missed="0" covered="1"/><counter type="METHOD" missed="0" covered="1"/></method><method name="&lt;init&gt;" desc="(Ljava/lang/Long;Ljava/lang/String;Ljava/lang/String;Ljava/lang/String;Ljava/lang/String;Ljava/lang/Integer;Ljava/lang/String;Ljava/lang/String;Lcom/unz/bibliotheque/model/Categorie;Ljava/lang/Boolean;Ljava/util/List;)V" line="19"><counter type="INSTRUCTION" missed="45" covered="0"/><counter type="LINE" missed="4" covered="0"/><counter type="COMPLEXITY" missed="1" covered="0"/><counter type="METHOD" missed="1" covered="0"/></method><method name="lambda$getPremierExemplaireDisponible$2" desc="(Lcom/unz/bibliotheque/model/Exemplaire;)Z" line="103"><counter type="INSTRUCTION" missed="0" covered="6"/><counter type="LINE" missed="0" covered="1"/><counter type="COMPLEXITY" missed="0" covered="1"/><counter type="METHOD" missed="0" covered="1"/></method><method name="lambda$getNombreExemplairesDisponibles$1" desc="(Lcom/unz/bibliotheque/model/Exemplaire;)Z" line="92"><counter type="INSTRUCTION" missed="0" covered="6"/><counter type="LINE" missed="0" covered="1"/><counter type="COMPLEXITY" missed="0" covered="1"/><counter type="METHOD" missed="0" covered="1"/></method><method name="lambda$estDisponible$0" desc="(Lcom/unz/bibliotheque/model/Exemplaire;)Z" line="82"><counter type="INSTRUCTION" missed="0" covered="6"/><counter type="LINE" missed="0" covered="1"/><counter type="COMPLEXITY" missed="0" covered="1"/><counter type="METHOD" missed="0" covered="1"/></method><counter type="INSTRUCTION" missed="90" covered="85"/><counter type="LINE" missed="7" covered="16"/><counter type="COMPLEXITY" missed="14" covered="16"/><counter type="METHOD" missed="14" covered="16"/><counter type="CLASS" missed="0" covered="1"/></class><class name="com/unz/bibliotheque/model/Exemplaire" sourcefilename="Exemplaire.java"><method name="marquerEmprunte" desc="()V" line="51"><counter type="INSTRUCTION" missed="4" covered="0"/><counter type="LINE" missed="2" covered="0"/><counter type="COMPLEXITY" missed="1" covered="0"/><counter type="METHOD" missed="1" covered="0"/></method><method name="marquerDisponible" desc="()V" line="59"><counter type="INSTRUCTION" missed="4" covered="0"/><counter type="LINE" missed="2" covered="0"/><counter type="COMPLEXITY" missed="1" covered="0"/><counter type="METHOD" missed="1" covered="0"/></method><method name="marquerReserve" desc="()V" line="66"><counter type="INSTRUCTION" missed="4" covered="0"/><counter type="LINE" missed="2" covered="0"/><counter type="COMPLEXITY" missed="1" covered="0"/><counter type="METHOD" missed="1" covered="0"/></method><method name="getId" desc="()Ljava/lang/Long;" line="22"><counter type="INSTRUCTION" missed="3" covered="0"/><counter type="LINE" missed="1" covered="0"/><counter type="COMPLEXITY" missed="1" covered="0"/><counter type="METHOD" missed="1" covered="0"/></method><method name="getCodeBarres" desc="()Ljava/lang/String;" line="27"><counter type="INSTRUCTION" missed="3" covered="0"/><counter type="LINE" missed="1" covered="0"/><counter type="COMPLEXITY" missed="1" covered="0"/><counter type="METHOD" missed="1" covered="0"/></method><method name="getStatut" desc="()Lcom/unz/bibliotheque/model/enums/StatutExemplaire;" line="35"><counter type="INSTRUCTION" missed="0" covered="3"/><counter type="LINE" missed="0" covered="1"/><counter type="COMPLEXITY" missed="0" covered="1"/><counter type="METHOD" missed="0" covered="1"/></method><method name="getOuvrage" desc="()Lcom/unz/bibliotheque/model/Ouvrage;" line="40"><counter type="INSTRUCTION" missed="0" covered="3"/><counter type="LINE" missed="0" covered="1"/><counter type="COMPLEXITY" missed="0" covered="1"/><counter type="METHOD" missed="0" covered="1"/></method><method name="getNotes" desc="()Ljava/lang/String;" line="44"><counter type="INSTRUCTION" missed="3" covered="0"/><counter type="LINE" missed="1" covered="0"/><counter type="COMPLEXITY" missed="1" covered="0"/><counter type="METHOD" missed="1" covered="0"/></method><method name="setId" desc="(Ljava/lang/Long;)V" line="17"><counter type="INSTRUCTION" missed="0" covered="4"/><counter type="LINE" missed="0" covered="1"/><counter type="COMPLEXITY" missed="0" covered="1"/><counter type="METHOD" missed="0" covered="1"/></method><method name="setCodeBarres" desc="(Ljava/lang/String;)V" line="17"><counter type="INSTRUCTION" missed="0" covered="4"/><counter type="LINE" missed="0" covered="1"/><counter type="COMPLEXITY" missed="0" covered="1"/><counter type="METHOD" missed="0" covered="1"/></method><method name="setStatut" desc="(Lcom/unz/bibliotheque/model/enums/StatutExemplaire;)V" line="17"><counter type="INSTRUCTION" missed="0" covered="4"/><counter type="LINE" missed="0" covered="1"/><counter type="COMPLEXITY" missed="0" covered="1"/><counter type="METHOD" missed="0" covered="1"/></method><method name="setOuvrage" desc="(Lcom/unz/bibliotheque/model/Ouvrage;)V" line="17"><counter type="INSTRUCTION" missed="0" covered="4"/><counter type="LINE" missed="0" covered="1"/><counter type="COMPLEXITY" missed="0" covered="1"/><counter type="METHOD" missed="0" covered="1"/></method><method name="setNotes" desc="(Ljava/lang/String;)V" line="17"><counter type="INSTRUCTION" missed="4" covered="0"/><counter type="LINE" missed="1" covered="0"/><counter type="COMPLEXITY" missed="1" covered="0"/><counter type="METHOD" missed="1" covered="0"/></method><method name="&lt;init&gt;" desc="()V" line="17"><counter type="INSTRUCTION" missed="0" covered="6"/><counter type="LINE" missed="0" covered="2"/><counter type="COMPLEXITY" missed="0" covered="1"/><counter type="METHOD" missed="0" covered="1"/></method><method name="&lt;init&gt;" desc="(Ljava/lang/Long;Ljava/lang/String;Lcom/unz/bibliotheque/model/enums/StatutExemplaire;Lcom/unz/bibliotheque/model/Ouvrage;Ljava/lang/String;)V" line="17"><counter type="INSTRUCTION" missed="21" covered="0"/><counter type="LINE" missed="2" covered="0"/><counter type="COMPLEXITY" missed="1" covered="0"/><counter type="METHOD" missed="1" covered="0"/></method><counter type="INSTRUCTION" missed="46" covered="28"/><counter type="LINE" missed="9" covered="4"/><counter type="COMPLEXITY" missed="8" covered="7"/><counter type="METHOD" missed="8" covered="7"/><counter type="CLASS" missed="0" covered="1"/></class><class name="com/unz/bibliotheque/model/Utilisateur" sourcefilename="Utilisateur.java"><method name="onCreate" desc="()V" line="67"><counter type="INSTRUCTION" missed="0" covered="7"/><counter type="LINE" missed="0" covered="3"/><counter type="COMPLEXITY" missed="0" covered="1"/><counter type="METHOD" missed="0" covered="1"/></method><method name="onUpdate" desc="()V" line="73"><counter type="INSTRUCTION" missed="4" covered="0"/><counter type="LINE" missed="2" covered="0"/><counter type="COMPLEXITY" missed="1" covered="0"/><counter type="METHOD" missed="1" covered="0"/></method><method name="getNomComplet" desc="()Ljava/lang/String;" line="77"><counter type="INSTRUCTION" missed="0" covered="6"/><counter type="LINE" missed="0" covered="1"/><counter type="COMPLEXITY" missed="0" covered="1"/><counter type="METHOD" missed="0" covered="1"/></method><method name="getId" desc="()Ljava/lang/Long;" line="31"><counter type="INSTRUCTION" missed="0" covered="3"/><counter type="LINE" missed="0" covered="1"/><counter type="COMPLEXITY" missed="0" covered="1"/><counter type="METHOD" missed="0" covered="1"/></method><method name="getPrenom" desc="()Ljava/lang/String;" line="36"><counter type="INSTRUCTION" missed="0" covered="3"/><counter type="LINE" missed="0" covered="1"/><counter type="COMPLEXITY" missed="0" covered="1"/><counter type="METHOD" missed="0" covered="1"/></method><method name="getNom" desc="()Ljava/lang/String;" line="41"><counter type="INSTRUCTION" missed="0" covered="3"/><counter type="LINE" missed="0" covered="1"/><counter type="COMPLEXITY" missed="0" covered="1"/><counter type="METHOD" missed="0" covered="1"/></method><method name="getEmail" desc="()Ljava/lang/String;" line="46"><counter type="INSTRUCTION" missed="0" covered="3"/><counter type="LINE" missed="0" covered="1"/><counter type="COMPLEXITY" missed="0" covered="1"/><counter type="METHOD" missed="0" covered="1"/></method><method name="getMotDePasse" desc="()Ljava/lang/String;" line="50"><counter type="INSTRUCTION" missed="3" covered="0"/><counter type="LINE" missed="1" covered="0"/><counter type="COMPLEXITY" missed="1" covered="0"/><counter type="METHOD" missed="1" covered="0"/></method><method name="getRole" desc="()Lcom/unz/bibliotheque/model/enums/Role;" line="54"><counter type="INSTRUCTION" missed="0" covered="3"/><counter type="LINE" missed="0" covered="1"/><counter type="COMPLEXITY" missed="0" covered="1"/><counter type="METHOD" missed="0" covered="1"/></method><method name="getActif" desc="()Ljava/lang/Boolean;" line="57"><counter type="INSTRUCTION" missed="0" covered="3"/><counter type="LINE" missed="0" covered="1"/><counter type="COMPLEXITY" missed="0" covered="1"/><counter type="METHOD" missed="0" covered="1"/></method><method name="getDateCreation" desc="()Ljava/time/LocalDateTime;" line="60"><counter type="INSTRUCTION" missed="3" covered="0"/><counter type="LINE" missed="1" covered="0"/><counter type="COMPLEXITY" missed="1" covered="0"/><counter type="METHOD" missed="1" covered="0"/></method><method name="getDateModification" desc="()Ljava/time/LocalDateTime;" line="63"><counter type="INSTRUCTION" missed="3" covered="0"/><counter type="LINE" missed="1" covered="0"/><counter type="COMPLEXITY" missed="1" covered="0"/><counter type="METHOD" missed="1" covered="0"/></method><method name="setId" desc="(Ljava/lang/Long;)V" line="24"><counter type="INSTRUCTION" missed="0" covered="4"/><counter type="LINE" missed="0" covered="1"/><counter type="COMPLEXITY" missed="0" covered="1"/><counter type="METHOD" missed="0" covered="1"/></method><method name="setPrenom" desc="(Ljava/lang/String;)V" line="24"><counter type="INSTRUCTION" missed="0" covered="4"/><counter type="LINE" missed="0" covered="1"/><counter type="COMPLEXITY" missed="0" covered="1"/><counter type="METHOD" missed="0" covered="1"/></method><method name="setNom" desc="(Ljava/lang/String;)V" line="24"><counter type="INSTRUCTION" missed="0" covered="4"/><counter type="LINE" missed="0" covered="1"/><counter type="COMPLEXITY" missed="0" covered="1"/><counter type="METHOD" missed="0" covered="1"/></method><method name="setEmail" desc="(Ljava/lang/String;)V" line="24"><counter type="INSTRUCTION" missed="0" covered="4"/><counter type="LINE" missed="0" covered="1"/><counter type="COMPLEXITY" missed="0" covered="1"/><counter type="METHOD" missed="0" covered="1"/></method><method name="setMotDePasse" desc="(Ljava/lang/String;)V" line="24"><counter type="INSTRUCTION" missed="0" covered="4"/><counter type="LINE" missed="0" covered="1"/><counter type="COMPLEXITY" missed="0" covered="1"/><counter type="METHOD" missed="0" covered="1"/></method><method name="setRole" desc="(Lcom/unz/bibliotheque/model/enums/Role;)V" line="24"><counter type="INSTRUCTION" missed="0" covered="4"/><counter type="LINE" missed="0" covered="1"/><counter type="COMPLEXITY" missed="0" covered="1"/><counter type="METHOD" missed="0" covered="1"/></method><method name="setActif" desc="(Ljava/lang/Boolean;)V" line="24"><counter type="INSTRUCTION" missed="0" covered="4"/><counter type="LINE" missed="0" covered="1"/><counter type="COMPLEXITY" missed="0" covered="1"/><counter type="METHOD" missed="0" covered="1"/></method><method name="setDateCreation" desc="(Ljava/time/LocalDateTime;)V" line="24"><counter type="INSTRUCTION" missed="4" covered="0"/><counter type="LINE" missed="1" covered="0"/><counter type="COMPLEXITY" missed="1" covered="0"/><counter type="METHOD" missed="1" covered="0"/></method><method name="setDateModification" desc="(Ljava/time/LocalDateTime;)V" line="24"><counter type="INSTRUCTION" missed="4" covered="0"/><counter type="LINE" missed="1" covered="0"/><counter type="COMPLEXITY" missed="1" covered="0"/><counter type="METHOD" missed="1" covered="0"/></method><method name="&lt;init&gt;" desc="()V" line="25"><counter type="INSTRUCTION" missed="0" covered="7"/><counter type="LINE" missed="0" covered="3"/><counter type="COMPLEXITY" missed="0" covered="1"/><counter type="METHOD" missed="0" covered="1"/></method><method name="&lt;init&gt;" desc="(Ljava/lang/Long;Ljava/lang/String;Ljava/lang/String;Ljava/lang/String;Ljava/lang/String;Lcom/unz/bibliotheque/model/enums/Role;Ljava/lang/Boolean;Ljava/time/LocalDateTime;Ljava/time/LocalDateTime;)V" line="26"><counter type="INSTRUCTION" missed="34" covered="0"/><counter type="LINE" missed="3" covered="0"/><counter type="COMPLEXITY" missed="1" covered="0"/><counter type="METHOD" missed="1" covered="0"/></method><counter type="INSTRUCTION" missed="55" covered="66"/><counter type="LINE" missed="6" covered="13"/><counter type="COMPLEXITY" missed="7" covered="16"/><counter type="METHOD" missed="7" covered="16"/><counter type="CLASS" missed="0" covered="1"/></class><class name="com/unz/bibliotheque/model/Emprunt" sourcefilename="Emprunt.java"><method name="estEnRetard" desc="()Z" line="78"><counter type="INSTRUCTION" missed="0" covered="16"/><counter type="BRANCH" missed="0" covered="6"/><counter type="LINE" missed="0" covered="2"/><counter type="COMPLEXITY" missed="0" covered="4"/><counter type="METHOD" missed="0" covered="1"/></method><method name="getNombreJoursRetard" desc="()J" line="89"><counter type="INSTRUCTION" missed="0" covered="19"/><counter type="BRANCH" missed="0" covered="4"/><counter type="LINE" missed="0" covered="3"/><counter type="COMPLEXITY" missed="0" covered="3"/><counter type="METHOD" missed="0" covered="1"/></method><method name="clore" desc="(Ljava/time/LocalDate;)V" line="101"><counter type="INSTRUCTION" missed="0" covered="7"/><counter type="LINE" missed="0" covered="3"/><counter type="COMPLEXITY" missed="0" covered="1"/><counter type="METHOD" missed="0" covered="1"/></method><method name="getId" desc="()Ljava/lang/Long;" line="30"><counter type="INSTRUCTION" missed="0" covered="3"/><counter type="LINE" missed="0" covered="1"/><counter type="COMPLEXITY" missed="0" covered="1"/><counter type="METHOD" missed="0" covered="1"/></method><method name="getEtudiant" desc="()Lcom/unz/bibliotheque/model/Etudiant;" line="35"><counter type="INSTRUCTION" missed="0" covered="3"/><counter type="LINE" missed="0" covered="1"/><counter type="COMPLEXITY" missed="0" covered="1"/><counter type="METHOD" missed="0" covered="1"/></method><method name="getExemplaire" desc="()Lcom/unz/bibliotheque/model/Exemplaire;" line="40"><counter type="INSTRUCTION" missed="0" covered="3"/><counter type="LINE" missed="0" covered="1"/><counter type="COMPLEXITY" missed="0" covered="1"/><counter type="METHOD" missed="0" covered="1"/></method><method name="getDateEmprunt" desc="()Ljava/time/LocalDateTime;" line="44"><counter type="INSTRUCTION" missed="3" covered="0"/><counter type="LINE" missed="1" covered="0"/><counter type="COMPLEXITY" missed="1" covered="0"/><counter type="METHOD" missed="1" covered="0"/></method><method name="getDateRetourPrevu" desc="()Ljava/time/LocalDate;" line="48"><counter type="INSTRUCTION" missed="0" covered="3"/><counter type="LINE" missed="0" covered="1"/><counter type="COMPLEXITY" missed="0" covered="1"/><counter type="METHOD" missed="0" covered="1"/></method><method name="getDateRetourReel" desc="()Ljava/time/LocalDate;" line="52"><counter type="INSTRUCTION" missed="0" covered="3"/><counter type="LINE" missed="0" covered="1"/><counter type="COMPLEXITY" missed="0" covered="1"/><counter type="METHOD" missed="0" covered="1"/></method><method name="getStatut" desc="()Lcom/unz/bibliotheque/model/enums/StatutEmprunt;" line="57"><counter type="INSTRUCTION" missed="0" covered="3"/><counter type="LINE" missed="0" covered="1"/><counter type="COMPLEXITY" missed="0" covered="1"/><counter type="METHOD" missed="0" covered="1"/></method><method name="getProlonge" desc="()Ljava/lang/Boolean;" line="61"><counter type="INSTRUCTION" missed="0" covered="3"/><counter type="LINE" missed="0" covered="1"/><counter type="COMPLEXITY" missed="0" covered="1"/><counter type="METHOD" missed="0" covered="1"/></method><method name="getBibliothecaire" desc="()Lcom/unz/bibliotheque/model/Bibliothecaire;" line="66"><counter type="INSTRUCTION" missed="3" covered="0"/><counter type="LINE" missed="1" covered="0"/><counter type="COMPLEXITY" missed="1" covered="0"/><counter type="METHOD" missed="1" covered="0"/></method><method name="getPenalite" desc="()Lcom/unz/bibliotheque/model/Penalite;" line="70"><counter type="INSTRUCTION" missed="0" covered="3"/><counter type="LINE" missed="0" covered="1"/><counter type="COMPLEXITY" missed="0" covered="1"/><counter type="METHOD" missed="0" covered="1"/></method><method name="setId" desc="(Ljava/lang/Long;)V" line="25"><counter type="INSTRUCTION" missed="0" covered="4"/><counter type="LINE" missed="0" covered="1"/><counter type="COMPLEXITY" missed="0" covered="1"/><counter type="METHOD" missed="0" covered="1"/></method><method name="setEtudiant" desc="(Lcom/unz/bibliotheque/model/Etudiant;)V" line="25"><counter type="INSTRUCTION" missed="0" covered="4"/><counter type="LINE" missed="0" covered="1"/><counter type="COMPLEXITY" missed="0" covered="1"/><counter type="METHOD" missed="0" covered="1"/></method><method name="setExemplaire" desc="(Lcom/unz/bibliotheque/model/Exemplaire;)V" line="25"><counter type="INSTRUCTION" missed="0" covered="4"/><counter type="LINE" missed="0" covered="1"/><counter type="COMPLEXITY" missed="0" covered="1"/><counter type="METHOD" missed="0" covered="1"/></method><method name="setDateEmprunt" desc="(Ljava/time/LocalDateTime;)V" line="25"><counter type="INSTRUCTION" missed="0" covered="4"/><counter type="LINE" missed="0" covered="1"/><counter type="COMPLEXITY" missed="0" covered="1"/><counter type="METHOD" missed="0" covered="1"/></method><method name="setDateRetourPrevu" desc="(Ljava/time/LocalDate;)V" line="25"><counter type="INSTRUCTION" missed="0" covered="4"/><counter type="LINE" missed="0" covered="1"/><counter type="COMPLEXITY" missed="0" covered="1"/><counter type="METHOD" missed="0" covered="1"/></method><method name="setDateRetourReel" desc="(Ljava/time/LocalDate;)V" line="25"><counter type="INSTRUCTION" missed="0" covered="4"/><counter type="LINE" missed="0" covered="1"/><counter type="COMPLEXITY" missed="0" covered="1"/><counter type="METHOD" missed="0" covered="1"/></method><method name="setStatut" desc="(Lcom/unz/bibliotheque/model/enums/StatutEmprunt;)V" line="25"><counter type="INSTRUCTION" missed="0" covered="4"/><counter type="LINE" missed="0" covered="1"/><counter type="COMPLEXITY" missed="0" covered="1"/><counter type="METHOD" missed="0" covered="1"/></method><method name="setProlonge" desc="(Ljava/lang/Boolean;)V" line="25"><counter type="INSTRUCTION" missed="0" covered="4"/><counter type="LINE" missed="0" covered="1"/><counter type="COMPLEXITY" missed="0" covered="1"/><counter type="METHOD" missed="0" covered="1"/></method><method name="setBibliothecaire" desc="(Lcom/unz/bibliotheque/model/Bibliothecaire;)V" line="25"><counter type="INSTRUCTION" missed="4" covered="0"/><counter type="LINE" missed="1" covered="0"/><counter type="COMPLEXITY" missed="1" covered="0"/><counter type="METHOD" missed="1" covered="0"/></method><method name="setPenalite" desc="(Lcom/unz/bibliotheque/model/Penalite;)V" line="25"><counter type="INSTRUCTION" missed="0" covered="4"/><counter type="LINE" missed="0" covered="1"/><counter type="COMPLEXITY" missed="0" covered="1"/><counter type="METHOD" missed="0" covered="1"/></method><method name="&lt;init&gt;" desc="()V" line="25"><counter type="INSTRUCTION" missed="0" covered="10"/><counter type="LINE" missed="0" covered="4"/><counter type="COMPLEXITY" missed="0" covered="1"/><counter type="METHOD" missed="0" covered="1"/></method><method name="&lt;init&gt;" desc="(Ljava/lang/Long;Lcom/unz/bibliotheque/model/Etudiant;Lcom/unz/bibliotheque/model/Exemplaire;Ljava/time/LocalDateTime;Ljava/time/LocalDate;Ljava/time/LocalDate;Lcom/unz/bibliotheque/model/enums/StatutEmprunt;Ljava/lang/Boolean;Lcom/unz/bibliotheque/model/Bibliothecaire;Lcom/unz/bibliotheque/model/Penalite;)V" line="25"><counter type="INSTRUCTION" missed="40" covered="0"/><counter type="LINE" missed="4" covered="0"/><counter type="COMPLEXITY" missed="1" covered="0"/><counter type="METHOD" missed="1" covered="0"/></method><counter type="INSTRUCTION" missed="50" covered="112"/><counter type="BRANCH" missed="0" covered="10"/><counter type="LINE" missed="2" covered="19"/><counter type="COMPLEXITY" missed="4" covered="26"/><counter type="METHOD" missed="4" covered="21"/><counter type="CLASS" missed="0" covered="1"/></class><class name="com/unz/bibliotheque/model/Reservation" sourcefilename="Reservation.java"><method name="confirmer" desc="(I)V" line="66"><counter type="INSTRUCTION" missed="13" covered="0"/><counter type="LINE" missed="4" covered="0"/><counter type="COMPLEXITY" missed="1" covered="0"/><counter type="METHOD" missed="1" covered="0"/></method><method name="annuler" desc="()V" line="75"><counter type="INSTRUCTION" missed="4" covered="0"/><counter type="LINE" missed="2" covered="0"/><counter type="COMPLEXITY" missed="1" covered="0"/><counter type="METHOD" missed="1" covered="0"/></method><method name="getId" desc="()Ljava/lang/Long;" line="24"><counter type="INSTRUCTION" missed="3" covered="0"/><counter type="LINE" missed="1" covered="0"/><counter type="COMPLEXITY" missed="1" covered="0"/><counter type="METHOD" missed="1" covered="0"/></method><method name="getEtudiant" desc="()Lcom/unz/bibliotheque/model/Etudiant;" line="29"><counter type="INSTRUCTION" missed="0" covered="3"/><counter type="LINE" missed="0" covered="1"/><counter type="COMPLEXITY" missed="0" covered="1"/><counter type="METHOD" missed="0" covered="1"/></method><method name="getOuvrage" desc="()Lcom/unz/bibliotheque/model/Ouvrage;" line="34"><counter type="INSTRUCTION" missed="0" covered="3"/><counter type="LINE" missed="0" covered="1"/><counter type="COMPLEXITY" missed="0" covered="1"/><counter type="METHOD" missed="0" covered="1"/></method><method name="getStatut" desc="()Lcom/unz/bibliotheque/model/enums/StatutReservation;" line="39"><counter type="INSTRUCTION" missed="0" covered="3"/><counter type="LINE" missed="0" covered="1"/><counter type="COMPLEXITY" missed="0" covered="1"/><counter type="METHOD" missed="0" covered="1"/></method><method name="getDateReservation" desc="()Ljava/time/LocalDateTime;" line="43"><counter type="INSTRUCTION" missed="3" covered="0"/><counter type="LINE" missed="1" covered="0"/><counter type="COMPLEXITY" missed="1" covered="0"/><counter type="METHOD" missed="1" covered="0"/></method><method name="getDateConfirmation" desc="()Ljava/time/LocalDateTime;" line="47"><counter type="INSTRUCTION" missed="3" covered="0"/><counter type="LINE" missed="1" covered="0"/><counter type="COMPLEXITY" missed="1" covered="0"/><counter type="METHOD" missed="1" covered="0"/></method><method name="getDateExpiration" desc="()Ljava/time/LocalDateTime;" line="54"><counter type="INSTRUCTION" missed="3" covered="0"/><counter type="LINE" missed="1" covered="0"/><counter type="COMPLEXITY" missed="1" covered="0"/><counter type="METHOD" missed="1" covered="0"/></method><method name="getPositionFile" desc="()Ljava/lang/Integer;" line="58"><counter type="INSTRUCTION" missed="3" covered="0"/><counter type="LINE" missed="1" covered="0"/><counter type="COMPLEXITY" missed="1" covered="0"/><counter type="METHOD" missed="1" covered="0"/></method><method name="setId" desc="(Ljava/lang/Long;)V" line="19"><counter type="INSTRUCTION" missed="0" covered="4"/><counter type="LINE" missed="0" covered="1"/><counter type="COMPLEXITY" missed="0" covered="1"/><counter type="METHOD" missed="0" covered="1"/></method><method name="setEtudiant" desc="(Lcom/unz/bibliotheque/model/Etudiant;)V" line="19"><counter type="INSTRUCTION" missed="0" covered="4"/><counter type="LINE" missed="0" covered="1"/><counter type="COMPLEXITY" missed="0" covered="1"/><counter type="METHOD" missed="0" covered="1"/></method><method name="setOuvrage" desc="(Lcom/unz/bibliotheque/model/Ouvrage;)V" line="19"><counter type="INSTRUCTION" missed="0" covered="4"/><counter type="LINE" missed="0" covered="1"/><counter type="COMPLEXITY" missed="0" covered="1"/><counter type="METHOD" missed="0" covered="1"/></method><method name="setStatut" desc="(Lcom/unz/bibliotheque/model/enums/StatutReservation;)V" line="19"><counter type="INSTRUCTION" missed="0" covered="4"/><counter type="LINE" missed="0" covered="1"/><counter type="COMPLEXITY" missed="0" covered="1"/><counter type="METHOD" missed="0" covered="1"/></method><method name="setDateReservation" desc="(Ljava/time/LocalDateTime;)V" line="19"><counter type="INSTRUCTION" missed="4" covered="0"/><counter type="LINE" missed="1" covered="0"/><counter type="COMPLEXITY" missed="1" covered="0"/><counter type="METHOD" missed="1" covered="0"/></method><method name="setDateConfirmation" desc="(Ljava/time/LocalDateTime;)V" line="19"><counter type="INSTRUCTION" missed="4" covered="0"/><counter type="LINE" missed="1" covered="0"/><counter type="COMPLEXITY" missed="1" covered="0"/><counter type="METHOD" missed="1" covered="0"/></method><method name="setDateExpiration" desc="(Ljava/time/LocalDateTime;)V" line="19"><counter type="INSTRUCTION" missed="4" covered="0"/><counter type="LINE" missed="1" covered="0"/><counter type="COMPLEXITY" missed="1" covered="0"/><counter type="METHOD" missed="1" covered="0"/></method><method name="setPositionFile" desc="(Ljava/lang/Integer;)V" line="19"><counter type="INSTRUCTION" missed="4" covered="0"/><counter type="LINE" missed="1" covered="0"/><counter type="COMPLEXITY" missed="1" covered="0"/><counter type="METHOD" missed="1" covered="0"/></method><method name="&lt;init&gt;" desc="()V" line="19"><counter type="INSTRUCTION" missed="0" covered="9"/><counter type="LINE" missed="0" covered="4"/><counter type="COMPLEXITY" missed="0" covered="1"/><counter type="METHOD" missed="0" covered="1"/></method><method name="&lt;init&gt;" desc="(Ljava/lang/Long;Lcom/unz/bibliotheque/model/Etudiant;Lcom/unz/bibliotheque/model/Ouvrage;Lcom/unz/bibliotheque/model/enums/StatutReservation;Ljava/time/LocalDateTime;Ljava/time/LocalDateTime;Ljava/time/LocalDateTime;Ljava/lang/Integer;)V" line="19"><counter type="INSTRUCTION" missed="33" covered="0"/><counter type="LINE" missed="4" covered="0"/><counter type="COMPLEXITY" missed="1" covered="0"/><counter type="METHOD" missed="1" covered="0"/></method><counter type="INSTRUCTION" missed="81" covered="34"/><counter type="LINE" missed="10" covered="7"/><counter type="COMPLEXITY" missed="12" covered="8"/><counter type="METHOD" missed="12" covered="8"/><counter type="CLASS" missed="0" covered="1"/></class><class name="com/unz/bibliotheque/model/ConfigurationSysteme" sourcefilename="ConfigurationSysteme.java"><method name="getValeurAsInt" desc="()I" line="50"><counter type="INSTRUCTION" missed="0" covered="5"/><counter type="LINE" missed="0" covered="1"/><counter type="COMPLEXITY" missed="0" covered="1"/><counter type="METHOD" missed="0" covered="1"/></method><method name="getValeurAsDecimal" desc="()Ljava/math/BigDecimal;" line="59"><counter type="INSTRUCTION" missed="7" covered="0"/><counter type="LINE" missed="1" covered="0"/><counter type="COMPLEXITY" missed="1" covered="0"/><counter type="METHOD" missed="1" covered="0"/></method><method name="getId" desc="()Ljava/lang/Long;" line="27"><counter type="INSTRUCTION" missed="3" covered="0"/><counter type="LINE" missed="1" covered="0"/><counter type="COMPLEXITY" missed="1" covered="0"/><counter type="METHOD" missed="1" covered="0"/></method><method name="getCle" desc="()Ljava/lang/String;" line="32"><counter type="INSTRUCTION" missed="3" covered="0"/><counter type="LINE" missed="1" covered="0"/><counter type="COMPLEXITY" missed="1" covered="0"/><counter type="METHOD" missed="1" covered="0"/></method><method name="getValeur" desc="()Ljava/lang/String;" line="37"><counter type="INSTRUCTION" missed="3" covered="0"/><counter type="LINE" missed="1" covered="0"/><counter type="COMPLEXITY" missed="1" covered="0"/><counter type="METHOD" missed="1" covered="0"/></method><method name="getDescription" desc="()Ljava/lang/String;" line="41"><counter type="INSTRUCTION" missed="3" covered="0"/><counter type="LINE" missed="1" covered="0"/><counter type="COMPLEXITY" missed="1" covered="0"/><counter type="METHOD" missed="1" covered="0"/></method><method name="setId" desc="(Ljava/lang/Long;)V" line="22"><counter type="INSTRUCTION" missed="4" covered="0"/><counter type="LINE" missed="1" covered="0"/><counter type="COMPLEXITY" missed="1" covered="0"/><counter type="METHOD" missed="1" covered="0"/></method><method name="setCle" desc="(Ljava/lang/String;)V" line="22"><counter type="INSTRUCTION" missed="0" covered="4"/><counter type="LINE" missed="0" covered="1"/><counter type="COMPLEXITY" missed="0" covered="1"/><counter type="METHOD" missed="0" covered="1"/></method><method name="setValeur" desc="(Ljava/lang/String;)V" line="22"><counter type="INSTRUCTION" missed="0" covered="4"/><counter type="LINE" missed="0" covered="1"/><counter type="COMPLEXITY" missed="0" covered="1"/><counter type="METHOD" missed="0" covered="1"/></method><method name="setDescription" desc="(Ljava/lang/String;)V" line="22"><counter type="INSTRUCTION" missed="4" covered="0"/><counter type="LINE" missed="1" covered="0"/><counter type="COMPLEXITY" missed="1" covered="0"/><counter type="METHOD" missed="1" covered="0"/></method><method name="&lt;init&gt;" desc="()V" line="22"><counter type="INSTRUCTION" missed="0" covered="3"/><counter type="LINE" missed="0" covered="1"/><counter type="COMPLEXITY" missed="0" covered="1"/><counter type="METHOD" missed="0" covered="1"/></method><method name="&lt;init&gt;" desc="(Ljava/lang/Long;Ljava/lang/String;Ljava/lang/String;Ljava/lang/String;)V" line="22"><counter type="INSTRUCTION" missed="15" covered="0"/><counter type="LINE" missed="1" covered="0"/><counter type="COMPLEXITY" missed="1" covered="0"/><counter type="METHOD" missed="1" covered="0"/></method><counter type="INSTRUCTION" missed="42" covered="16"/><counter type="LINE" missed="5" covered="2"/><counter type="COMPLEXITY" missed="8" covered="4"/><counter type="METHOD" missed="8" covered="4"/><counter type="CLASS" missed="0" covered="1"/></class><class name="com/unz/bibliotheque/model/Bibliothecaire" sourcefilename="Bibliothecaire.java"><method name="getBadgeNumero" desc="()Ljava/lang/String;" line="28"><counter type="INSTRUCTION" missed="3" covered="0"/><counter type="LINE" missed="1" covered="0"/><counter type="COMPLEXITY" missed="1" covered="0"/><counter type="METHOD" missed="1" covered="0"/></method><method name="getService" desc="()Ljava/lang/String;" line="32"><counter type="INSTRUCTION" missed="3" covered="0"/><counter type="LINE" missed="1" covered="0"/><counter type="COMPLEXITY" missed="1" covered="0"/><counter type="METHOD" missed="1" covered="0"/></method><method name="setBadgeNumero" desc="(Ljava/lang/String;)V" line="20"><counter type="INSTRUCTION" missed="4" covered="0"/><counter type="LINE" missed="1" covered="0"/><counter type="COMPLEXITY" missed="1" covered="0"/><counter type="METHOD" missed="1" covered="0"/></method><method name="setService" desc="(Ljava/lang/String;)V" line="20"><counter type="INSTRUCTION" missed="4" covered="0"/><counter type="LINE" missed="1" covered="0"/><counter type="COMPLEXITY" missed="1" covered="0"/><counter type="METHOD" missed="1" covered="0"/></method><method name="&lt;init&gt;" desc="()V" line="21"><counter type="INSTRUCTION" missed="0" covered="3"/><counter type="LINE" missed="0" covered="1"/><counter type="COMPLEXITY" missed="0" covered="1"/><counter type="METHOD" missed="0" covered="1"/></method><method name="&lt;init&gt;" desc="(Ljava/lang/String;Ljava/lang/String;)V" line="22"><counter type="INSTRUCTION" missed="9" covered="0"/><counter type="LINE" missed="1" covered="0"/><counter type="COMPLEXITY" missed="1" covered="0"/><counter type="METHOD" missed="1" covered="0"/></method><counter type="INSTRUCTION" missed="23" covered="3"/><counter type="LINE" missed="4" covered="1"/><counter type="COMPLEXITY" missed="5" covered="1"/><counter type="METHOD" missed="5" covered="1"/><counter type="CLASS" missed="0" covered="1"/></class><sourcefile name="Penalite.java"><line nr="20" mi="31" ci="30" mb="0" cb="0"/><line nr="25" mi="3" ci="0" mb="0" cb="0"/><line nr="33" mi="0" ci="3" mb="0" cb="0"/><line nr="36" mi="3" ci="3" mb="0" cb="0"/><line nr="37" mi="0" ci="3" mb="0" cb="0"/><line nr="40" mi="2" ci="2" mb="0" cb="0"/><line nr="41" mi="2" ci="5" mb="0" cb="0"/><line nr="44" mi="2" ci="2" mb="0" cb="0"/><line nr="45" mi="2" ci="5" mb="0" cb="0"/><line nr="48" mi="1" ci="2" mb="0" cb="0"/><line nr="49" mi="5" ci="2" mb="0" cb="0"/><line nr="53" mi="0" ci="3" mb="0" cb="0"/><line nr="57" mi="0" ci="3" mb="0" cb="0"/><line nr="63" mi="0" ci="4" mb="0" cb="0"/><line nr="64" mi="0" ci="3" mb="0" cb="0"/><line nr="65" mi="0" ci="1" mb="0" cb="0"/><counter type="INSTRUCTION" missed="51" covered="71"/><counter type="LINE" missed="1" covered="15"/><counter type="COMPLEXITY" missed="4" covered="15"/><counter type="METHOD" missed="4" covered="15"/><counter type="CLASS" missed="0" covered="1"/></sourcefile><sourcefile name="Categorie.java"><line nr="15" mi="38" ci="2" mb="0" cb="0"/><line nr="20" mi="3" ci="0" mb="0" cb="0"/><line nr="26" mi="3" ci="0" mb="0" cb="0"/><line nr="30" mi="3" ci="0" mb="0" cb="0"/><line nr="33" mi="3" ci="3" mb="0" cb="0"/><line nr="34" mi="3" ci="0" mb="0" cb="0"/><line nr="37" mi="5" ci="6" mb="0" cb="0"/><line nr="38" mi="3" ci="0" mb="0" cb="0"/><counter type="INSTRUCTION" missed="61" covered="11"/><counter type="LINE" missed="5" covered="3"/><counter type="COMPLEXITY" missed="11" covered="1"/><counter type="METHOD" missed="11" covered="1"/><counter type="CLASS" missed="0" covered="1"/></sourcefile><sourcefile name="Etudiant.java"><line nr="22" mi="8" ci="12" mb="0" cb="0"/><line nr="23" mi="0" ci="2" mb="0" cb="0"/><line nr="24" mi="18" ci="0" mb="0" cb="0"/><line nr="30" mi="3" ci="0" mb="0" cb="0"/><line nr="35" mi="3" ci="0" mb="0" cb="0"/><line nr="40" mi="3" ci="0" mb="0" cb="0"/><line nr="46" mi="5" ci="5" mb="0" cb="0"/><line nr="47" mi="3" ci="0" mb="0" cb="0"/><line nr="52" mi="5" ci="6" mb="0" cb="0"/><line nr="53" mi="3" ci="0" mb="0" cb="0"/><line nr="62" mi="5" ci="0" mb="0" cb="0"/><line nr="63" mi="14" ci="0" mb="4" cb="0"/><line nr="64" mi="1" ci="0" mb="0" cb="0"/><counter type="INSTRUCTION" missed="71" covered="25"/><counter type="BRANCH" missed="4" covered="0"/><counter type="LINE" missed="9" covered="4"/><counter type="COMPLEXITY" missed="12" covered="4"/><counter type="METHOD" missed="10" covered="4"/><counter type="CLASS" missed="0" covered="1"/></sourcefile><sourcefile name="Administrateur.java"><line nr="21" mi="4" ci="0" mb="0" cb="0"/><line nr="22" mi="0" ci="3" mb="0" cb="0"/><line nr="23" mi="6" ci="0" mb="0" cb="0"/><line nr="28" mi="3" ci="0" mb="0" cb="0"/><counter type="INSTRUCTION" missed="13" covered="3"/><counter type="LINE" missed="3" covered="1"/><counter type="COMPLEXITY" missed="3" covered="1"/><counter type="METHOD" missed="3" covered="1"/><counter type="CLASS" missed="0" covered="1"/></sourcefile><sourcefile name="Notification.java"><line nr="20" mi="36" ci="18" mb="0" cb="0"/><line nr="25" mi="3" ci="0" mb="0" cb="0"/><line nr="30" mi="3" ci="0" mb="0" cb="0"/><line nr="35" mi="3" ci="0" mb="0" cb="0"/><line nr="39" mi="3" ci="0" mb="0" cb="0"/><line nr="43" mi="3" ci="0" mb="0" cb="0"/><line nr="46" mi="2" ci="2" mb="0" cb="0"/><line nr="47" mi="5" ci="2" mb="0" cb="0"/><line nr="50" mi="1" ci="2" mb="0" cb="0"/><line nr="51" mi="5" ci="2" mb="0" cb="0"/><line nr="57" mi="4" ci="0" mb="0" cb="0"/><line nr="58" mi="1" ci="0" mb="0" cb="0"/><counter type="INSTRUCTION" missed="69" covered="26"/><counter type="LINE" missed="7" covered="5"/><counter type="COMPLEXITY" missed="12" covered="5"/><counter type="METHOD" missed="12" covered="5"/><counter type="CLASS" missed="0" covered="1"/></sourcefile><sourcefile name="ConfigurationSysteme.java"><line nr="22" mi="23" ci="11" mb="0" cb="0"/><line nr="27" mi="3" ci="0" mb="0" cb="0"/><line nr="32" mi="3" ci="0" mb="0" cb="0"/><line nr="37" mi="3" ci="0" mb="0" cb="0"/><line nr="41" mi="3" ci="0" mb="0" cb="0"/><line nr="50" mi="0" ci="5" mb="0" cb="0"/><line nr="59" mi="7" ci="0" mb="0" cb="0"/><counter type="INSTRUCTION" missed="42" covered="16"/><counter type="LINE" missed="5" covered="2"/><counter type="COMPLEXITY" missed="8" covered="4"/><counter type="METHOD" missed="8" covered="4"/><counter type="CLASS" missed="0" covered="1"/></sourcefile><sourcefile name="Exemplaire.java"><line nr="17" mi="22" ci="18" mb="0" cb="0"/><line nr="22" mi="3" ci="0" mb="0" cb="0"/><line nr="27" mi="3" ci="0" mb="0" cb="0"/><line nr="33" mi="3" ci="4" mb="0" cb="0"/><line nr="35" mi="0" ci="3" mb="0" cb="0"/><line nr="40" mi="0" ci="3" mb="0" cb="0"/><line nr="44" mi="3" ci="0" mb="0" cb="0"/><line nr="51" mi="3" ci="0" mb="0" cb="0"/><line nr="52" mi="1" ci="0" mb="0" cb="0"/><line nr="59" mi="3" ci="0" mb="0" cb="0"/><line nr="60" mi="1" ci="0" mb="0" cb="0"/><line nr="66" mi="3" ci="0" mb="0" cb="0"/><line nr="67" mi="1" ci="0" mb="0" cb="0"/><counter type="INSTRUCTION" missed="46" covered="28"/><counter type="LINE" missed="9" covered="4"/><counter type="COMPLEXITY" missed="8" covered="7"/><counter type="METHOD" missed="8" covered="7"/><counter type="CLASS" missed="0" covered="1"/></sourcefile><sourcefile name="Reservation.java"><line nr="19" mi="43" ci="18" mb="0" cb="0"/><line nr="24" mi="3" ci="0" mb="0" cb="0"/><line nr="29" mi="0" ci="3" mb="0" cb="0"/><line nr="34" mi="0" ci="3" mb="0" cb="0"/><line nr="37" mi="3" ci="3" mb="0" cb="0"/><line nr="39" mi="0" ci="3" mb="0" cb="0"/><line nr="42" mi="1" ci="2" mb="0" cb="0"/><line nr="43" mi="5" ci="2" mb="0" cb="0"/><line nr="47" mi="3" ci="0" mb="0" cb="0"/><line nr="54" mi="3" ci="0" mb="0" cb="0"/><line nr="58" mi="3" ci="0" mb="0" cb="0"/><line nr="66" mi="3" ci="0" mb="0" cb="0"/><line nr="67" mi="3" ci="0" mb="0" cb="0"/><line nr="68" mi="6" ci="0" mb="0" cb="0"/><line nr="69" mi="1" ci="0" mb="0" cb="0"/><line nr="75" mi="3" ci="0" mb="0" cb="0"/><line nr="76" mi="1" ci="0" mb="0" cb="0"/><counter type="INSTRUCTION" missed="81" covered="34"/><counter type="LINE" missed="10" covered="7"/><counter type="COMPLEXITY" missed="12" covered="8"/><counter type="METHOD" missed="12" covered="8"/><counter type="CLASS" missed="0" covered="1"/></sourcefile><sourcefile name="Bibliothecaire.java"><line nr="20" mi="8" ci="0" mb="0" cb="0"/><line nr="21" mi="0" ci="3" mb="0" cb="0"/><line nr="22" mi="9" ci="0" mb="0" cb="0"/><line nr="28" mi="3" ci="0" mb="0" cb="0"/><line nr="32" mi="3" ci="0" mb="0" cb="0"/><counter type="INSTRUCTION" missed="23" covered="3"/><counter type="LINE" missed="4" covered="1"/><counter type="COMPLEXITY" missed="5" covered="1"/><counter type="METHOD" missed="5" covered="1"/><counter type="CLASS" missed="0" covered="1"/></sourcefile><sourcefile name="Utilisateur.java"><line nr="24" mi="8" ci="28" mb="0" cb="0"/><line nr="25" mi="0" ci="2" mb="0" cb="0"/><line nr="26" mi="30" ci="0" mb="0" cb="0"/><line nr="31" mi="0" ci="3" mb="0" cb="0"/><line nr="36" mi="0" ci="3" mb="0" cb="0"/><line nr="41" mi="0" ci="3" mb="0" cb="0"/><line nr="46" mi="0" ci="3" mb="0" cb="0"/><line nr="50" mi="3" ci="0" mb="0" cb="0"/><line nr="54" mi="0" ci="3" mb="0" cb="0"/><line nr="56" mi="2" ci="3" mb="0" cb="0"/><line nr="57" mi="2" ci="5" mb="0" cb="0"/><line nr="60" mi="3" ci="0" mb="0" cb="0"/><line nr="63" mi="3" ci="0" mb="0" cb="0"/><line nr="67" mi="0" ci="3" mb="0" cb="0"/><line nr="68" mi="0" ci="3" mb="0" cb="0"/><line nr="69" mi="0" ci="1" mb="0" cb="0"/><line nr="73" mi="3" ci="0" mb="0" cb="0"/><line nr="74" mi="1" ci="0" mb="0" cb="0"/><line nr="77" mi="0" ci="6" mb="0" cb="0"/><counter type="INSTRUCTION" missed="55" covered="66"/><counter type="LINE" missed="6" covered="13"/><counter type="COMPLEXITY" missed="7" covered="16"/><counter type="METHOD" missed="7" covered="16"/><counter type="CLASS" missed="0" covered="1"/></sourcefile><sourcefile name="Emprunt.java"><line nr="25" mi="37" ci="38" mb="0" cb="0"/><line nr="30" mi="0" ci="3" mb="0" cb="0"/><line nr="35" mi="0" ci="3" mb="0" cb="0"/><line nr="40" mi="0" ci="3" mb="0" cb="0"/><line nr="44" mi="3" ci="0" mb="0" cb="0"/><line nr="48" mi="0" ci="3" mb="0" cb="0"/><line nr="52" mi="0" ci="3" mb="0" cb="0"/><line nr="55" mi="3" ci="3" mb="0" cb="0"/><line nr="57" mi="0" ci="3" mb="0" cb="0"/><line nr="60" mi="2" ci="3" mb="0" cb="0"/><line nr="61" mi="2" ci="5" mb="0" cb="0"/><line nr="66" mi="3" ci="0" mb="0" cb="0"/><line nr="70" mi="0" ci="3" mb="0" cb="0"/><line nr="78" mi="0" ci="8" mb="0" cb="4"/><line nr="80" mi="0" ci="8" mb="0" cb="2"/><line nr="89" mi="0" ci="5" mb="0" cb="2"/><line nr="90" mi="0" ci="8" mb="0" cb="2"/><line nr="91" mi="0" ci="6" mb="0" cb="0"/><line nr="101" mi="0" ci="3" mb="0" cb="0"/><line nr="102" mi="0" ci="3" mb="0" cb="0"/><line nr="103" mi="0" ci="1" mb="0" cb="0"/><counter type="INSTRUCTION" missed="50" covered="112"/><counter type="BRANCH" missed="0" covered="10"/><counter type="LINE" missed="2" covered="19"/><counter type="COMPLEXITY" missed="4" covered="26"/><counter type="METHOD" missed="4" covered="21"/><counter type="CLASS" missed="0" covered="1"/></sourcefile><sourcefile name="Ouvrage.java"><line nr="19" mi="60" ci="22" mb="0" cb="0"/><line nr="24" mi="3" ci="0" mb="0" cb="0"/><line nr="30" mi="0" ci="3" mb="0" cb="0"/><line nr="34" mi="3" ci="0" mb="0" cb="0"/><line nr="40" mi="0" ci="3" mb="0" cb="0"/><line nr="44" mi="3" ci="0" mb="0" cb="0"/><line nr="48" mi="3" ci="0" mb="0" cb="0"/><line nr="52" mi="3" ci="0" mb="0" cb="0"/><line nr="56" mi="3" ci="0" mb="0" cb="0"/><line nr="61" mi="3" ci="0" mb="0" cb="0"/><line nr="68" mi="2" ci="2" mb="0" cb="0"/><line nr="69" mi="2" ci="5" mb="0" cb="0"/><line nr="72" mi="5" ci="6" mb="0" cb="0"/><line nr="73" mi="0" ci="3" mb="0" cb="0"/><line nr="81" mi="0" ci="5" mb="0" cb="0"/><line nr="82" mi="0" ci="7" mb="0" cb="0"/><line nr="91" mi="0" ci="5" mb="0" cb="0"/><line nr="92" mi="0" ci="7" mb="0" cb="0"/><line nr="93" mi="0" ci="1" mb="0" cb="0"/><line nr="102" mi="0" ci="5" mb="0" cb="0"/><line nr="103" mi="0" ci="7" mb="0" cb="0"/><line nr="104" mi="0" ci="2" mb="0" cb="0"/><line nr="105" mi="0" ci="2" mb="0" cb="0"/><counter type="INSTRUCTION" missed="90" covered="85"/><counter type="LINE" missed="7" covered="16"/><counter type="COMPLEXITY" missed="14" covered="16"/><counter type="METHOD" missed="14" covered="16"/><counter type="CLASS" missed="0" covered="1"/></sourcefile><counter type="INSTRUCTION" missed="652" covered="480"/><counter type="BRANCH" missed="4" covered="10"/><counter type="LINE" missed="68" covered="90"/><counter type="COMPLEXITY" missed="100" covered="104"/><counter type="METHOD" missed="98" covered="99"/><counter type="CLASS" missed="0" covered="12"/></package><package name="com/unz/bibliotheque/service"><class name="com/unz/bibliotheque/service/ReservationService" sourcefilename="ReservationService.java"><method name="creerReservation" desc="(Ljava/lang/Long;Ljava/lang/Long;)Lcom/unz/bibliotheque/model/Reservation;" line="48"><c
[...]
 missed="0" covered="1"/></class><class name="com/unz/bibliotheque/service/EmpruntService" sourcefilename="EmpruntService.java"><method name="creerEmprunt" desc="(Ljava/lang/Long;Ljava/lang/Long;)Lcom/unz/bibliotheque/model/Emprunt;" line="69"><counter type="INSTRUCTION" missed="89" covered="67"/><counter type="BRANCH" missed="2" covered="6"/><counter type="LINE" missed="19" covered="13"/><counter type="COMPLEXITY" missed="1" covered="4"/><counter type="METHOD" missed="0" covered="1"/></method><method name="enregistrerRetour" desc="(Ljava/lang/Long;)Lcom/unz/bibliotheque/model/Emprunt;" line="149"><counter type="INSTRUCTION" missed="82" covered="18"/><counter type="BRANCH" missed="7" covered="1"/><counter type="LINE" missed="19" covered="4"/><counter type="COMPLEXITY" missed="4" covered="1"/><counter type="METHOD" missed="0" covered="1"/></method><method name="prolongerEmprunt" desc="(Ljava/lang/Long;Ljava/lang/Long;)Lcom/unz/bibliotheque/model/Emprunt;" line="202"><counter type="INSTRUCTION" missed="48" covered="28"/><counter type="BRANCH" missed="3" covered="3"/><counter type="LINE" missed="10" covered="6"/><counter type="COMPLEXITY" missed="2" covered="2"/><counter type="METHOD" missed="0" covered="1"/></method><method name="getEmpruntsEnCours" desc="(Ljava/lang/Long;)Ljava/util/List;" line="247"><counter type="INSTRUCTION" missed="0" covered="5"/><counter type="LINE" missed="0" covered="1"/><counter type="COMPLEXITY" missed="0" covered="1"/><counter type="METHOD" missed="0" covered="1"/></method><method name="getHistoriqueEtudiant" desc="(Ljava/lang/Long;Lorg/springframework/data/domain/Pageable;)Lorg/springframework/data/domain/Page;" line="259"><counter type="INSTRUCTION" missed="0" covered="6"/><counter type="LINE" missed="0" covered="1"/><counter type="COMPLEXITY" missed="0" covered="1"/><counter type="METHOD" missed="0" covered="1"/></method><method name="&lt;init&gt;" desc="(Lcom/unz/bibliotheque/repository/EmpruntRepository;Lcom/unz/bibliotheque/repository/EtudiantRepository;Lcom/unz/bibliotheque/repository/ExemplaireRepository;Lcom/unz/bibliotheque/repository/PenaliteRepository;Lcom/unz/bibliotheque/service/ConfigurationService;Lcom/unz/bibliotheque/service/NotificationService;Lorg/springframework/context/ApplicationEventPublisher;Lcom/unz/bibliotheque/pattern/strategy/PenaliteStrategy;)V" line="39"><counter type="INSTRUCTION" missed="0" covered="27"/><counter type="LINE" missed="0" covered="1"/><counter type="COMPLEXITY" missed="0" covered="1"/><counter type="METHOD" missed="0" covered="1"/></method><method name="lambda$prolongerEmprunt$3" desc="()Lcom/unz/bibliotheque/exception/ResourceNotFoundException;" line="203"><counter type="INSTRUCTION" missed="0" covered="5"/><counter type="LINE" missed="0" covered="1"/><counter type="COMPLEXITY" missed="0" covered="1"/><counter type="METHOD" missed="0" covered="1"/></method><method name="lambda$enregistrerRetour$2" desc="(Ljava/lang/Long;)Lcom/unz/bibliotheque/exception/ResourceNotFoundException;" line="150"><counter type="INSTRUCTION" missed="0" covered="6"/><counter type="LINE" missed="0" covered="1"/><counter type="COMPLEXITY" missed="0" covered="1"/><counter type="METHOD" missed="0" covered="1"/></method><method name="lambda$creerEmprunt$1" desc="(Ljava/lang/Long;)Lcom/unz/bibliotheque/exception/ResourceNotFoundException;" line="99"><counter type="INSTRUCTION" missed="0" covered="6"/><counter type="LINE" missed="0" covered="1"/><counter type="COMPLEXITY" missed="0" covered="1"/><counter type="METHOD" missed="0" covered="1"/></method><method name="lambda$creerEmprunt$0" desc="(Ljava/lang/Long;)Lcom/unz/bibliotheque/exception/ResourceNotFoundException;" line="70"><counter type="INSTRUCTION" missed="0" covered="6"/><counter type="LINE" missed="0" covered="1"/><counter type="COMPLEXITY" missed="0" covered="1"/><counter type="METHOD" missed="0" covered="1"/></method><method name="&lt;clinit&gt;" desc="()V" line="40"><counter type="INSTRUCTION" missed="0" covered="4"/><counter type="LINE" missed="0" covered="1"/><counter type="COMPLEXITY" missed="0" covered="1"/><counter type="METHOD" missed="0" covered="1"/></method><counter type="INSTRUCTION" missed="219" covered="178"/><counter type="BRANCH" missed="12" covered="10"/><counter type="LINE" missed="47" covered="28"/><counter type="COMPLEXITY" missed="7" covered="15"/><counter type="METHOD" missed="0" covered="11"/><counter type="CLASS" missed="0" covered="1"/></class><class name="com/unz/bibliotheque/service/ConfigurationService" sourcefilename="ConfigurationService.java"><method name="getInt" desc="(Ljava/lang/String;I)I" line="35"><counter type="INSTRUCTION" missed="0" covered="14"/><counter type="LINE" missed="0" covered="3"/><counter type="COMPLEXITY" missed="0" covered="1"/><counter type="METHOD" missed="0" covered="1"/></method><method name="getString" desc="(Ljava/lang/String;Ljava/lang/String;)Ljava/lang/String;" line="56"><counter type="INSTRUCTION" missed="0" covered="10"/><counter type="LINE" missed="0" covered="3"/><counter type="COMPLEXITY" missed="0" covered="1"/><counter type="METHOD" missed="0" covered="1"/></method><method name="getDureeEmpruntJours" desc="()I" line="64"><counter type="INSTRUCTION" missed="0" covered="5"/><counter type="LINE" missed="0" covered="1"/><counter type="COMPLEXITY" missed="0" covered="1"/><counter type="METHOD" missed="0" covered="1"/></method><method name="getMaxEmpruntsSimultanes" desc="()I" line="67"><counter type="INSTRUCTION" missed="0" covered="5"/><counter type="LINE" missed="0" covered="1"/><counter type="COMPLEXITY" missed="0" covered="1"/><counter type="METHOD" missed="0" covered="1"/></method><method name="getMaxReservationsSimultanes" desc="()I" line="70"><counter type="INSTRUCTION" missed="0" covered="5"/><counter type="LINE" missed="0" covered="1"/><counter type="COMPLEXITY" missed="0" covered="1"/><counter type="METHOD" missed="0" covered="1"/></method><method name="getPenaliteParJour" desc="()I" line="73"><counter type="INSTRUCTION" missed="0" covered="5"/><counter type="LINE" missed="0" covered="1"/><counter type="COMPLEXITY" missed="0" covered="1"/><counter type="METHOD" missed="0" covered="1"/></method><method name="getSeuilBlocageFcfa" desc="()I" line="76"><counter type="INSTRUCTION" missed="0" covered="5"/><counter type="LINE" missed="0" covered="1"/><counter type="COMPLEXITY" missed="0" covered="1"/><counter type="METHOD" missed="0" covered="1"/></method><method name="getDureeReservationHeures" desc="()I" line="79"><counter type="INSTRUCTION" missed="0" covered="5"/><counter type="LINE" missed="0" covered="1"/><counter type="COMPLEXITY" missed="0" covered="1"/><counter type="METHOD" missed="0" covered="1"/></method><method name="getJoursAvantRappel" desc="()I" line="82"><counter type="INSTRUCTION" missed="0" covered="5"/><counter type="LINE" missed="0" covered="1"/><counter type="COMPLEXITY" missed="0" covered="1"/><counter type="METHOD" missed="0" covered="1"/></method><method name="&lt;init&gt;" desc="(Lcom/unz/bibliotheque/repository/ConfigurationRepository;)V" line="20"><counter type="INSTRUCTION" missed="0" covered="6"/><counter type="LINE" missed="0" covered="1"/><counter type="COMPLEXITY" missed="0" covered="1"/><counter type="METHOD" missed="0" covered="1"/></method><method name="lambda$getString$1" desc="(Lcom/unz/bibliotheque/model/ConfigurationSysteme;)Ljava/lang/String;" line="57"><counter type="INSTRUCTION" missed="0" covered="3"/><counter type="LINE" missed="0" covered="1"/><counter type="COMPLEXITY" missed="0" covered="1"/><counter type="METHOD" missed="0" covered="1"/></method><method name="lambda$getInt$0" desc="(Ljava/lang/String;ILcom/unz/bibliotheque/model/ConfigurationSysteme;)Ljava/lang/Integer;" line="38"><counter type="INSTRUCTION" missed="0" covered="14"/><counter type="LINE" missed="0" covered="4"/><counter type="COMPLEXITY" missed="0" covered="1"/><counter type="METHOD" missed="0" covered="1"/></method><method name="&lt;clinit&gt;" desc="()V" line="21"><counter type="INSTRUCTION" missed="0" covered="4"/><counter type="LINE" missed="0" covered="1"/><counter type="COMPLEXITY" missed="0" covered="1"/><counter type="METHOD" missed="0" covered="1"/></method><counter type="INSTRUCTION" missed="0" covered="86"/><counter type="LINE" missed="0" covered="19"/><counter type="COMPLEXITY" missed="0" covered="13"/><counter type="METHOD" missed="0" covered="13"/><counter type="CLASS" missed="0" covered="1"/></class><sourcefile name="EmpruntService.java"><line nr="39" mi="0" ci="27" mb="0" cb="0"/><line nr="40" mi="0" ci="4" mb="0" cb="0"/><line nr="69" mi="0" ci="6" mb="0" cb="0"/><line nr="70" mi="0" ci="9" mb="0" cb="0"/><line nr="73" mi="0" ci="4" mb="0" cb="2"/><line nr="74" mi="0" ci="5" mb="0" cb="0"/><line nr="78" mi="0" ci="4" mb="0" cb="0"/><line nr="79" mi="0" ci="5" mb="0" cb="0"/><line nr="80" mi="0" ci="5" mb="0" cb="2"/><line nr="81" mi="0" ci="7" mb="0" cb="0"/><line nr="88" mi="0" ci="4" mb="0" cb="0"/><line nr="89" mi="0" ci="5" mb="0" cb="0"/><line nr="90" mi="0" ci="6" mb="0" cb="2"/><line nr="91" mi="0" ci="7" mb="0" cb="0"/><line nr="98" mi="0" ci="6" mb="0" cb="0"/><line nr="99" mi="3" ci="6" mb="0" cb="0"/><line nr="101" mi="6" ci="0" mb="2" cb="0"/><line nr="102" mi="3" ci="0" mb="0" cb="0"/><line nr="103" mi="5" ci="0" mb="0" cb="0"/><line nr="108" mi="2" ci="0" mb="0" cb="0"/><line nr="109" mi="5" ci="0" mb="0" cb="0"/><line nr="112" mi="4" ci="0" mb="0" cb="0"/><line nr="113" mi="5" ci="0" mb="0" cb="0"/><line nr="116" mi="4" ci="0" mb="0" cb="0"/><line nr="117" mi="3" ci="0" mb="0" cb="0"/><line nr="118" mi="3" ci="0" mb="0" cb="0"/><line nr="119" mi="3" ci="0" mb="0" cb="0"/><line nr="120" mi="3" ci="0" mb="0" cb="0"/><line nr="121" mi="3" ci="0" mb="0" cb="0"/><line nr="122" mi="4" ci="0" mb="0" cb="0"/><line nr="124" mi="6" ci="0" mb="0" cb="0"/><line nr="127" mi="8" ci="0" mb="0" cb="0"/><line nr="129" mi="17" ci="0" mb="0" cb="0"/><line nr="132" mi="2" ci="0" mb="0" cb="0"/><line nr="149" mi="0" ci="6" mb="0" cb="0"/><line nr="150" mi="0" ci="9" mb="0" cb="0"/><line nr="152" mi="0" ci="4" mb="1" cb="1"/><line nr="153" mi="0" ci="5" mb="0" cb="0"/><line nr="157" mi="3" ci="0" mb="0" cb="0"/><line nr="158" mi="2" ci="0" mb="0" cb="0"/><line nr="159" mi="5" ci="0" mb="0" cb="0"/><line nr="162" mi="3" ci="0" mb="0" cb="0"/><line nr="165" mi="8" ci="0" mb="4" cb="0"/><line nr="166" mi="5" ci="0" mb="0" cb="0"/><line nr="167" mi="4" ci="0" mb="2" cb="0"/><line nr="168" mi="4" ci="0" mb="0" cb="0"/><line nr="169" mi="3" ci="0" mb="0" cb="0"/><line nr="170" mi="3" ci="0" mb="0" cb="0"/><line nr="171" mi="5" ci="0" mb="0" cb="0"/><line nr="172" mi="5" ci="0" mb="0" cb="0"/><line nr="173" mi="5" ci="0" mb="0" cb="0"/><line nr="174" mi="5" ci="0" mb="0" cb="0"/><line nr="175" mi="2" ci="0" mb="0" cb="0"/><line nr="179" mi="6" ci="0" mb="0" cb="0"/><line nr="182" mi="8" ci="0" mb="0" cb="0"/><line nr="184" mi="4" ci="0" mb="0" cb="0"/><line nr="185" mi="2" ci="0" mb="0" cb="0"/><line nr="202" mi="0" ci="5" mb="0" cb="0"/><line nr="203" mi="0" ci="8" mb="0" cb="0"/><line nr="206" mi="0" ci="6" mb="0" cb="2"/><line nr="207" mi="0" ci="5" mb="0" cb="0"/><line nr="211" mi="0" ci="4" mb="1" cb="1"/><line nr="212" mi="0" ci="5" mb="0" cb="0"/><line nr="216" mi="3" ci="0" mb="2" cb="0"/><line nr="217" mi="5" ci="0" mb="0" cb="0"/><line nr="221" mi="4" ci="0" mb="0" cb="0"/><line nr="222" mi="7" ci="0" mb="0" cb="0"/><line nr="223" mi="4" ci="0" mb="0" cb="0"/><line nr="224" mi="3" ci="0" mb="0" cb="0"/><line nr="226" mi="6" ci="0" mb="0" cb="0"/><line nr="229" mi="8" ci="0" mb="0" cb="0"/><line nr="231" mi="6" ci="0" mb="0" cb="0"/><line nr="232" mi="2" ci="0" mb="0" cb="0"/><line nr="247" mi="0" ci="5" mb="0" cb="0"/><line nr="259" mi="0" ci="6" mb="0" cb="0"/><counter type="INSTRUCTION" missed="219" covered="178"/><counter type="BRANCH" missed="12" covered="10"/><counter type="LINE" missed="47" covered="28"/><counter type="COMPLEXITY" missed="7" covered="15"/><counter type="METHOD" missed="0" covered="11"/><counter type="CLASS" missed="0" covered="1"/></sourcefile><sourcefile name="NotificationService.java"><line nr="30" mi="0" ci="9" mb="0" cb="0"/><line nr="31" mi="0" ci="4" mb="0" cb="0"/><line nr="50" mi="0" ci="3" mb="0" cb="0"/><line nr="51" mi="0" ci="3" mb="0" cb="0"/><line nr="52" mi="0" ci="1" mb="0" cb="0"/><line nr="62" mi="0" ci="3" mb="0" cb="0"/><line nr="63" mi="0" ci="3" mb="0" cb="0"/><line nr="64" mi="0" ci="1" mb="0" cb="0"/><line nr="74" mi="0" ci="3" mb="0" cb="0"/><line nr="75" mi="0" ci="3" mb="0" cb="0"/><line nr="76" mi="0" ci="1" mb="0" cb="0"/><line nr="89" mi="0" ci="6" mb="0" cb="0"/><line nr="90" mi="0" ci="8" mb="0" cb="0"/><line nr="94" mi="0" ci="6" mb="0" cb="0"/><line nr="95" mi="0" ci="7" mb="0" cb="0"/><line nr="96" mi="0" ci="2" mb="0" cb="0"/><line nr="98" mi="0" ci="7" mb="0" cb="0"/><line nr="99" mi="0" ci="1" mb="0" cb="0"/><line nr="108" mi="0" ci="6" mb="0" cb="0"/><line nr="109" mi="0" ci="3" mb="1" cb="1"/><line nr="110" mi="6" ci="0" mb="0" cb="0"/><line nr="111" mi="0" ci="2" mb="0" cb="0"/><line nr="112" mi="0" ci="8" mb="0" cb="0"/><line nr="114" mi="0" ci="6" mb="0" cb="0"/><line nr="115" mi="0" ci="8" mb="0" cb="0"/><line nr="118" mi="0" ci="7" mb="0" cb="0"/><line nr="119" mi="0" ci="1" mb="0" cb="0"/><line nr="129" mi="0" ci="6" mb="0" cb="0"/><line nr="130" mi="0" ci="8" mb="0" cb="0"/><line nr="133" mi="0" ci="6" mb="0" cb="0"/><line nr="134" mi="0" ci="7" mb="0" cb="0"/><line nr="135" mi="0" ci="2" mb="0" cb="0"/><line nr="137" mi="0" ci="7" mb="0" cb="0"/><line nr="138" mi="0" ci="1" mb="0" cb="0"/><line nr="148" mi="0" ci="6" mb="0" cb="0"/><line nr="149" mi="0" ci="8" mb="0" cb="0"/><line nr="154" mi="0" ci="6" mb="0" cb="0"/><line nr="155" mi="0" ci="7" mb="0" cb="0"/><line nr="156" mi="0" ci="5" mb="0" cb="0"/><line nr="157" mi="0" ci="3" mb="0" cb="0"/><line nr="159" mi="0" ci="7" mb="0" cb="0"/><line nr="160" mi="0" ci="1" mb="0" cb="0"/><line nr="169" mi="0" ci="5" mb="0" cb="0"/><line nr="170" mi="0" ci="8" mb="0" cb="0"/><line nr="174" mi="0" ci="6" mb="0" cb="0"/><line nr="175" mi="0" ci="3" mb="0" cb="0"/><line nr="177" mi="0" ci="7" mb="0" cb="0"/><line nr="178" mi="0" ci="1" mb="0" cb="0"/><line nr="187" mi="0" ci="6" mb="0" cb="0"/><line nr="188" mi="0" ci="8" mb="0" cb="0"/><line nr="191" mi="0" ci="6" mb="0" cb="0"/><line nr="192" mi="0" ci="2" mb="0" cb="0"/><line nr="194" mi="0" ci="7" mb="0" cb="0"/><line nr="195" mi="0" ci="1" mb="0" cb="0"/><line nr="213" mi="0" ci="4" mb="0" cb="0"/><line nr="214" mi="0" ci="4" mb="0" cb="0"/><line nr="215" mi="0" ci="4" mb="0" cb="0"/><line nr="216" mi="0" ci="3" mb="0" cb="0"/><line nr="217" mi="0" ci="3" mb="0" cb="0"/><line nr="218" mi="0" ci="4" mb="0" cb="0"/><line nr="219" mi="0" ci="6" mb="0" cb="0"/><line nr="220" mi="1" ci="0" mb="0" cb="0"/><line nr="222" mi="7" ci="0" mb="0" cb="0"/><line nr="223" mi="0" ci="1" mb="0" cb="0"/><line nr="226" mi="0" ci="4" mb="0" cb="0"/><line nr="227" mi="0" ci="3" mb="0" cb="0"/><line nr="228" mi="0" ci="3" mb="0" cb="0"/><line nr="229" mi="0" ci="3" mb="0" cb="0"/><line nr="230" mi="0" ci="3" mb="0" cb="0"/><line nr="231" mi="0" ci="5" mb="0" cb="0"/><line nr="232" mi="0" ci="1" mb="0" cb="0"/><counter type="INSTRUCTION" missed="14" covered="303"/><counter type="BRANCH" missed="1" covered="1"/><counter type="LINE" missed="3" covered="68"/><counter type="COMPLEXITY" missed="1" covered="12"/><counter type="METHOD" missed="0" covered="12"/><counter type="CLASS" missed="0" covered="1"/></sourcefile><sourcefile name="ReservationService.java"><line nr="24" mi="0" ci="21" mb="0" cb="0"/><line nr="25" mi="0" ci="4" mb="0" cb="0"/><line nr="48" mi="0" ci="5" mb="0" cb="0"/><line nr="49" mi="0" ci="8" mb="0" cb="0"/><line nr="51" mi="0" ci="5" mb="0" cb="0"/><line nr="52" mi="0" ci="8" mb="0" cb="0"/><line nr="55" mi="0" ci="3" mb="0" cb="2"/><line nr="56" mi="0" ci="3" mb="0" cb="0"/><line nr="57" mi="0" ci="4" mb="0" cb="0"/><line nr="63" mi="0" ci="8" mb="0" cb="2"/><line nr="64" mi="0" ci="5" mb="0" cb="0"/><line nr="68" mi="0" ci="4" mb="0" cb="0"/><line nr="69" mi="0" ci="6" mb="0" cb="0"/><line nr="71" mi="0" ci="1" mb="0" cb="0"/><line nr="72" mi="0" ci="3" mb="0" cb="0"/><line nr="74" mi="0" ci="5" mb="0" cb="2"/><line nr="75" mi="0" ci="7" mb="0" cb="0"/><line nr="80" mi="0" ci="4" mb="0" cb="0"/><line nr="81" mi="0" ci="3" mb="0" cb="0"/><line nr="82" mi="0" ci="3" mb="0" cb="0"/><line nr="83" mi="0" ci="3" mb="0" cb="0"/><line nr="85" mi="0" ci="6" mb="0" cb="0"/><line nr="86" mi="0" ci="5" mb="0" cb="0"/><line nr="87" mi="0" ci="2" mb="0" cb="0"/><line nr="98" mi="0" ci="5" mb="0" cb="0"/><line nr="99" mi="0" ci="8" mb="0" cb="0"/><line nr="101" mi="0" ci="6" mb="0" cb="2"/><line nr="102" mi="0" ci="5" mb="0" cb="0"/><line nr="105" mi="0" ci="5" mb="1" cb="1"/><line nr="106" mi="0" ci="3" mb="1" cb="1"/><line nr="107" mi="0" ci="5" mb="0" cb="0"/><line nr="110" mi="2" ci="0" mb="0" cb="0"/><line nr="111" mi="5" ci="0" mb="0" cb="0"/><line nr="112" mi="4" ci="0" mb="0" cb="0"/><line nr="113" mi="1" ci="0" mb="0" cb="0"/><line nr="129" mi="5" ci="0" mb="0" cb="0"/><line nr="130" mi="3" ci="0" mb="0" cb="0"/><line nr="131" mi="1" ci="0" mb="0" cb="0"/><line nr="139" mi="8" ci="0" mb="0" cb="0"/><line nr="140" mi="1" ci="0" mb="0" cb="0"/><line nr="141" mi="3" ci="0" mb="0" cb="0"/><line nr="142" mi="2" ci="0" mb="2" cb="0"/><line nr="143" mi="4" ci="0" mb="0" cb="0"/><line nr="144" mi="3" ci="0" mb="0" cb="0"/><line nr="145" mi="5" ci="0" mb="0" cb="0"/><line nr="147" mi="2" ci="0" mb="0" cb="0"/><line nr="148" mi="5" ci="0" mb="0" cb="0"/><line nr="151" mi="4" ci="0" mb="0" cb="0"/><line nr="152" mi="4" ci="0" mb="0" cb="0"/><line nr="153" mi="4" ci="0" mb="0" cb="0"/><line nr="155" mi="1" ci="0" mb="0" cb="0"/><line nr="156" mi="1" ci="0" mb="0" cb="0"/><line nr="166" mi="0" ci="7" mb="0" cb="0"/><line nr="168" mi="0" ci="1" mb="0" cb="0"/><counter type="INSTRUCTION" missed="68" covered="171"/><counter type="BRANCH" missed="4" covered="10"/><counter type="LINE" missed="21" covered="33"/><counter type="COMPLEXITY" missed="6" covered="12"/><counter type="METHOD" missed="3" covered="8"/><counter type="CLASS" missed="0" covered="1"/></sourcefile><sourcefile name="ConfigurationService.java"><line nr="20" mi="0" ci="6" mb="0" cb="0"/><line nr="21" mi="0" ci="4" mb="0" cb="0"/><line nr="35" mi="0" ci="8" mb="0" cb="0"/><line nr="36" mi="0" ci="2" mb="0" cb="0"/><line nr="38" mi="0" ci="4" mb="0" cb="0"/><line nr="39" mi="0" ci="1" mb="0" cb="0"/><line nr="40" mi="0" ci="6" mb="0" cb="0"/><line nr="41" mi="0" ci="3" mb="0" cb="0"/><line nr="44" mi="0" ci="4" mb="0" cb="0"/><line nr="56" mi="0" ci="6" mb="0" cb="0"/><line nr="57" mi="0" ci="5" mb="0" cb="0"/><line nr="58" mi="0" ci="2" mb="0" cb="0"/><line nr="64" mi="0" ci="5" mb="0" cb="0"/><line nr="67" mi="0" ci="5" mb="0" cb="0"/><line nr="70" mi="0" ci="5" mb="0" cb="0"/><line nr="73" mi="0" ci="5" mb="0" cb="0"/><line nr="76" mi="0" ci="5" mb="0" cb="0"/><line nr="79" mi="0" ci="5" mb="0" cb="0"/><line nr="82" mi="0" ci="5" mb="0" cb="0"/><counter type="INSTRUCTION" missed="0" covered="86"/><counter type="LINE" missed="0" covered="19"/><counter type="COMPLEXITY" missed="0" covered="13"/><counter type="METHOD" missed="0" covered="13"/><counter type="CLASS" missed="0" covered="1"/></sourcefile><counter type="INSTRUCTION" missed="301" covered="738"/><counter type="BRANCH" missed="17" covered="21"/><counter type="LINE" missed="71" covered="148"/><counter type="COMPLEXITY" missed="14" covered="52"/><counter type="METHOD" missed="3" covered="44"/><counter type="CLASS" missed="0" covered="4"/></package><counter type="INSTRUCTION" missed="956" covered="1372"/><counter type="BRANCH" missed="21" covered="42"/><counter type="LINE" missed="140" covered="281"/><counter type="COMPLEXITY" missed="115" covered="169"/><counter type="METHOD" missed="102" covered="150"/><counter type="CLASS" missed="0" covered="19"/></report>