<?xml version="1.0" encoding="UTF-8"?>
<testsuite xmlns:xsi="http://www.w3.org/2001/XMLSchema-instance" xsi:noNamespaceSchemaLocation="https://maven.apache.org/surefire/maven-surefire-plugin/xsd/surefire-test-report-3.0.xsd" version="3.0" name="com.unz.bibliotheque.repository.UtilisateurRepositoryTest" time="43.261" tests="5" errors="0" skipped="0" failures="0">
  <properties>
[...]
</properties>
  <testcase name="findByEmail_avecEmailInexistant_doitRetournerVide" classname="com.unz.bibliotheque.repository.UtilisateurRepositoryTest" time="1.037">
    <system-out><![CDATA[19:39:49.594 [main] INFO org.springframework.test.context.support.AnnotationConfigContextLoaderUtils -- Could not detect default configuration classes for test class [com.unz.bibliotheque.repository.UtilisateurRepositoryTest]: UtilisateurRepositoryTest does not declare any static, non-private, non-final, nested classes annotated with @Configuration.
19:39:50.558 [main] INFO org.springframework.boot.test.context.SpringBootTestContextBootstrapper -- Found @SpringBootConfiguration com.unz.bibliotheque.BibliothequeApplication for test class com.unz.bibliotheque.repository.UtilisateurRepositoryTest

  .   ____          _            __ _ _
 /\\ / ___'_ __ _ _(_)_ __  __ _ \ \ \ \
( ( )\___ | '_ | '_| | '_ \/ _` | \ \ \ \
 \\/  ___)| |_)| | | | | || (_| |  ) ) ) )
  '  |____| .__|_| |_|_| |_\__, | / / / /
 =========|_|==============|___/=/_/_/_/
 :: Spring Boot ::                (v3.2.5)

30/05/2026 19:39:54 [main] INFO  c.u.b.r.UtilisateurRepositoryTest - Starting UtilisateurRepositoryTest using Java 17.0.19 with PID 9368 (started by ASUS in C:\Users\ASUS\Videos\Bibliotheque_UNZ\projet_final_v2\backend)
30/05/2026 19:39:54 [main] DEBUG c.u.b.r.UtilisateurRepositoryTest - Running with Spring Boot v3.2.5, Spring v6.1.6
30/05/2026 19:39:54 [main] INFO  c.u.b.r.UtilisateurRepositoryTest - The following 1 profile is active: "test"
30/05/2026 19:40:01 [main] INFO  o.s.d.r.c.RepositoryConfigurationDelegate - Bootstrapping Spring Data JPA repositories in DEFAULT mode.
30/05/2026 19:40:01 [main] INFO  o.s.d.r.c.RepositoryConfigurationDelegate - Finished Spring Data repository scanning in 759 ms. Found 10 JPA repository interfaces.
30/05/2026 19:40:02 [main] INFO  o.s.b.t.a.j.TestDatabaseAutoConfiguration$EmbeddedDataSourceBeanFactoryPostProcessor - Replacing 'dataSource' DataSource bean with embedded version
30/05/2026 19:40:04 [main] INFO  o.s.j.d.e.EmbeddedDatabaseFactory - Starting embedded database: url='jdbc:h2:mem:402eb7fd-d8a8-4373-9f5a-c9b0c3f8fcce;DB_CLOSE_DELAY=-1;DB_CLOSE_ON_EXIT=false', username='sa'
30/05/2026 19:40:06 [main] INFO  o.h.j.internal.util.LogHelper - HHH000204: Processing PersistenceUnitInfo [name: default]
30/05/2026 19:40:07 [main] INFO  org.hibernate.Version - HHH000412: Hibernate ORM core version 6.4.4.Final
30/05/2026 19:40:07 [main] INFO  o.h.c.i.RegionFactoryInitiator - HHH000026: Second-level cache disabled
30/05/2026 19:40:08 [main] INFO  o.s.o.j.p.SpringPersistenceUnitInfo - No LoadTimeWeaver setup: ignoring JPA class transformer
30/05/2026 19:40:08 [main] WARN  org.hibernate.orm.deprecation - HHH90000025: H2Dialect does not need to be specified explicitly using 'hibernate.dialect' (remove the property setting and it will be selected by default)
30/05/2026 19:40:09 [main] WARN  o.h.b.m.internal.EntityBinder - HHH000457: Joined inheritance hierarchy [com.unz.bibliotheque.model.Utilisateur] defined explicit @DiscriminatorColumn.  Legacy Hibernate behavior was to ignore the @DiscriminatorColumn.  However, as part of issue HHH-6911 we now apply the explicit @DiscriminatorColumn.  If you would prefer the legacy behavior, enable the `hibernate.discriminator.ignore_explicit_for_joined` setting (hibernate.discriminator.ignore_explicit_for_joined=true)
30/05/2026 19:40:17 [main] INFO  o.h.e.t.j.p.i.JtaPlatformInitiator - HHH000489: No JTA platform available (set 'hibernate.transaction.jta.platform' to enable JTA platform integration)
30/05/2026 19:40:17 [main] DEBUG org.hibernate.SQL - 
    drop table if exists administrateurs cascade 
Hibernate: 
    drop table if exists administrateurs cascade 
30/05/2026 19:40:17 [main] DEBUG org.hibernate.SQL - 
    drop table if exists bibliothecaires cascade 
Hibernate: 
    drop table if exists bibliothecaires cascade 
30/05/2026 19:40:17 [main] DEBUG org.hibernate.SQL - 
    drop table if exists categories cascade 
Hibernate: 
    drop table if exists categories cascade 
30/05/2026 19:40:17 [main] DEBUG org.hibernate.SQL - 
    drop table if exists configurations_systeme cascade 
Hibernate: 
    drop table if exists configurations_systeme cascade 
30/05/2026 19:40:17 [main] DEBUG org.hibernate.SQL - 
    drop table if exists emprunts cascade 
Hibernate: 
    drop table if exists emprunts cascade 
30/05/2026 19:40:17 [main] DEBUG org.hibernate.SQL - 
    drop table if exists etudiants cascade 
Hibernate: 
    drop table if exists etudiants cascade 
30/05/2026 19:40:17 [main] DEBUG org.hibernate.SQL - 
    drop table if exists exemplaires cascade 
Hibernate: 
    drop table if exists exemplaires cascade 
30/05/2026 19:40:17 [main] DEBUG org.hibernate.SQL - 
    drop table if exists notifications cascade 
Hibernate: 
    drop table if exists notifications cascade 
30/05/2026 19:40:17 [main] DEBUG org.hibernate.SQL - 
    drop table if exists ouvrages cascade 
Hibernate: 
    drop table if exists ouvrages cascade 
30/05/2026 19:40:17 [main] DEBUG org.hibernate.SQL - 
    drop table if exists penalites cascade 
Hibernate: 
    drop table if exists penalites cascade 
30/05/2026 19:40:17 [main] DEBUG org.hibernate.SQL - 
    drop table if exists reservations cascade 
Hibernate: 
    drop table if exists reservations cascade 
30/05/2026 19:40:17 [main] DEBUG org.hibernate.SQL - 
    drop table if exists utilisateurs cascade 
Hibernate: 
    drop table if exists utilisateurs cascade 
30/05/2026 19:40:17 [main] DEBUG org.hibernate.SQL - 
    create table administrateurs (
        id bigint not null,
        departement varchar(100),
        primary key (id)
    )
Hibernate: 
    create table administrateurs (
        id bigint not null,
        departement varchar(100),
        primary key (id)
    )
30/05/2026 19:40:18 [main] DEBUG org.hibernate.SQL - 
    create table bibliothecaires (
        id bigint not null,
        badge_numero varchar(20) not null unique,
        service varchar(100),
        primary key (id)
    )
Hibernate: 
    create table bibliothecaires (
        id bigint not null,
        badge_numero varchar(20) not null unique,
        service varchar(100),
        primary key (id)
    )
30/05/2026 19:40:18 [main] DEBUG org.hibernate.SQL - 
    create table categories (
        id bigint generated by default as identity,
        couleur varchar(10),
        nom varchar(100) not null unique,
        description varchar(500),
        primary key (id)
    )
Hibernate: 
    create table categories (
        id bigint generated by default as identity,
        couleur varchar(10),
        nom varchar(100) not null unique,
        description varchar(500),
        primary key (id)
    )
30/05/2026 19:40:18 [main] DEBUG org.hibernate.SQL - 
    create table configurations_systeme (
        id bigint generated by default as identity,
        cle varchar(100) not null unique,
        description varchar(300),
        valeur varchar(500) not null,
        primary key (id)
    )
Hibernate: 
    create table configurations_systeme (
        id bigint generated by default as identity,
        cle varchar(100) not null unique,
        description varchar(300),
        valeur varchar(500) not null,
        primary key (id)
    )
30/05/2026 19:40:18 [main] DEBUG org.hibernate.SQL - 
    create table emprunts (
        date_retour_prevu date not null,
        date_retour_reel date,
        prolonge boolean not null,
        bibliothecaire_id bigint,
        date_emprunt timestamp(6) not null,
        etudiant_id bigint not null,
        exemplaire_id bigint not null,
        id bigint generated by default as identity,
        statut varchar(20) not null check (statut in ('EN_COURS','EN_RETARD','PROLONGE','RENDU')),
        primary key (id)
    )
Hibernate: 
    create table emprunts (
        date_retour_prevu date not null,
        date_retour_reel date,
        prolonge boolean not null,
        bibliothecaire_id bigint,
        date_emprunt timestamp(6) not null,
        etudiant_id bigint not null,
        exemplaire_id bigint not null,
        id bigint generated by default as identity,
        statut varchar(20) not null check (statut in ('EN_COURS','EN_RETARD','PROLONGE','RENDU')),
        primary key (id)
    )
30/05/2026 19:40:18 [main] DEBUG org.hibernate.SQL - 
    create table etudiants (
        id bigint not null,
        niveau varchar(10) not null,
        matricule varchar(20) not null unique,
        filiere varchar(100) not null,
        primary key (id)
    )
Hibernate: 
    create table etudiants (
        id bigint not null,
        niveau varchar(10) not null,
        matricule varchar(20) not null unique,
        filiere varchar(100) not null,
        primary key (id)
    )
30/05/2026 19:40:18 [main] DEBUG org.hibernate.SQL - 
    create table exemplaires (
        id bigint generated by default as identity,
        ouvrage_id bigint not null,
        statut varchar(20) not null check (statut in ('DISPONIBLE','EMPRUNTE','RESERVE','PERDU','DETERIORE')),
        code_barres varchar(50) not null unique,
        notes varchar(300),
        primary key (id)
    )
Hibernate: 
    create table exemplaires (
        id bigint generated by default as identity,
        ouvrage_id bigint not null,
        statut varchar(20) not null check (statut in ('DISPONIBLE','EMPRUNTE','RESERVE','PERDU','DETERIORE')),
        code_barres varchar(50) not null unique,
        notes varchar(300),
        primary key (id)
    )
30/05/2026 19:40:18 [main] DEBUG org.hibernate.SQL - 
    create table notifications (
        lu boolean not null,
        date_envoi timestamp(6) not null,
        destinataire_id bigint not null,
        id bigint generated by default as identity,
        type varchar(30) not null check (type in ('RAPPEL_RETOUR','ALERTE_RETARD','RESERVATION_DISPO','CONFIRMATION_EMPRUNT','PROLONGATION_ACCORD','PENALITE_ENCAISSEE','COMPTE_CREE')),
        sujet varchar(200) not null,
        message TEXT,
        primary key (id)
    )
Hibernate: 
    create table notifications (
        lu boolean not null,
        date_envoi timestamp(6) not null,
        destinataire_id bigint not null,
        id bigint generated by default as identity,
        type varchar(30) not null check (type in ('RAPPEL_RETOUR','ALERTE_RETARD','RESERVATION_DISPO','CONFIRMATION_EMPRUNT','PROLONGATION_ACCORD','PENALITE_ENCAISSEE','COMPTE_CREE')),
        sujet varchar(200) not null,
        message TEXT,
        primary key (id)
    )
30/05/2026 19:40:18 [main] DEBUG org.hibernate.SQL - 
    create table ouvrages (
        annee_publication integer,
        archive boolean not null,
        categorie_id bigint,
        id bigint generated by default as identity,
        isbn varchar(20) unique,
        editeur varchar(150),
        auteur varchar(200) not null,
        titre varchar(300) not null,
        image_couverture varchar(500),
        description TEXT,
        primary key (id)
    )
Hibernate: 
    create table ouvrages (
        annee_publication integer,
        archive boolean not null,
        categorie_id bigint,
        id bigint generated by default as identity,
        isbn varchar(20) unique,
        editeur varchar(150),
        auteur varchar(200) not null,
        titre varchar(300) not null,
        image_couverture varchar(500),
        description TEXT,
        primary key (id)
    )
30/05/2026 19:40:18 [main] DEBUG org.hibernate.SQL - 
    create table penalites (
        montant numeric(10,2) not null,
        payee boolean not null,
        date_creation timestamp(6) not null,
        date_paiement timestamp(6),
        emprunt_id bigint not null unique,
        id bigint generated by default as identity,
        jours_retard bigint not null,
        strategie_utilisee varchar(50),
        primary key (id)
    )
Hibernate: 
    create table penalites (
        montant numeric(10,2) not null,
        payee boolean not null,
        date_creation timestamp(6) not null,
        date_paiement timestamp(6),
        emprunt_id bigint not null unique,
        id bigint generated by default as identity,
        jours_retard bigint not null,
        strategie_utilisee varchar(50),
        primary key (id)
    )
30/05/2026 19:40:18 [main] DEBUG org.hibernate.SQL - 
    create table reservations (
        position_file integer,
        date_confirmation timestamp(6),
        date_expiration timestamp(6),
        date_reservation timestamp(6) not null,
        etudiant_id bigint not null,
        id bigint generated by default as identity,
        ouvrage_id bigint not null,
        statut varchar(20) not null check (statut in ('EN_ATTENTE','CONFIRMEE','EXPIREE','ANNULEE','TRANSFORMEE')),
        primary key (id)
    )
Hibernate: 
    create table reservations (
        position_file integer,
        date_confirmation timestamp(6),
        date_expiration timestamp(6),
        date_reservation timestamp(6) not null,
        etudiant_id bigint not null,
        id bigint generated by default as identity,
        ouvrage_id bigint not null,
        statut varchar(20) not null check (statut in ('EN_ATTENTE','CONFIRMEE','EXPIREE','ANNULEE','TRANSFORMEE')),
        primary key (id)
    )
30/05/2026 19:40:18 [main] DEBUG org.hibernate.SQL - 
    create table utilisateurs (
        actif boolean not null,
        date_creation timestamp(6) not null,
        date_modification timestamp(6),
        id bigint generated by default as identity,
        role varchar(20) not null check (role in ('ETUDIANT','BIBLIOTHECAIRE','ADMINISTRATEUR')),
        dtype varchar(31) not null,
        nom varchar(100) not null,
        prenom varchar(100) not null,
        email varchar(150) not null unique,
        mot_de_passe varchar(255) not null,
        primary key (id)
    )
Hibernate: 
    create table utilisateurs (
        actif boolean not null,
        date_creation timestamp(6) not null,
        date_modification timestamp(6),
        id bigint generated by default as identity,
        role varchar(20) not null check (role in ('ETUDIANT','BIBLIOTHECAIRE','ADMINISTRATEUR')),
        dtype varchar(31) not null,
        nom varchar(100) not null,
        prenom varchar(100) not null,
        email varchar(150) not null unique,
        mot_de_passe varchar(255) not null,
        primary key (id)
    )
30/05/2026 19:40:19 [main] DEBUG org.hibernate.SQL - 
    alter table if exists administrateurs 
       add constraint FKsfe67ak7m6se0xg0ry5lrxrlp 
       foreign key (id) 
       references utilisateurs
Hibernate: 
    alter table if exists administrateurs 
       add constraint FKsfe67ak7m6se0xg0ry5lrxrlp 
       foreign key (id) 
       references utilisateurs
30/05/2026 19:40:19 [main] DEBUG org.hibernate.SQL - 
    alter table if exists bibliothecaires 
       add constraint FKhldgcp6t5ou6rqdadnij92vlw 
       foreign key (id) 
       references utilisateurs
Hibernate: 
    alter table if exists bibliothecaires 
       add constraint FKhldgcp6t5ou6rqdadnij92vlw 
       foreign key (id) 
       references utilisateurs
30/05/2026 19:40:19 [main] DEBUG org.hibernate.SQL - 
    alter table if exists emprunts 
       add constraint FKhd939joft3j8g6memchmq4b9u 
       foreign key (bibliothecaire_id) 
       references bibliothecaires
Hibernate: 
    alter table if exists emprunts 
       add constraint FKhd939joft3j8g6memchmq4b9u 
       foreign key (bibliothecaire_id) 
       references bibliothecaires
30/05/2026 19:40:19 [main] DEBUG org.hibernate.SQL - 
    alter table if exists emprunts 
       add constraint FK8uhpnrx384nr71hev3l77tp6i 
       foreign key (etudiant_id) 
       references etudiants
Hibernate: 
    alter table if exists emprunts 
       add constraint FK8uhpnrx384nr71hev3l77tp6i 
       foreign key (etudiant_id) 
       references etudiants
30/05/2026 19:40:19 [main] DEBUG org.hibernate.SQL - 
    alter table if exists emprunts 
       add constraint FK86rhhj2yo4at9kd63b7565je7 
       foreign key (exemplaire_id) 
       references exemplaires
Hibernate: 
    alter table if exists emprunts 
       add constraint FK86rhhj2yo4at9kd63b7565je7 
       foreign key (exemplaire_id) 
       references exemplaires
30/05/2026 19:40:19 [main] DEBUG org.hibernate.SQL - 
    alter table if exists etudiants 
       add constraint FKmcq8u7ayw6c7wxgwgq3ds0mtl 
       foreign key (id) 
       references utilisateurs
Hibernate: 
    alter table if exists etudiants 
       add constraint FKmcq8u7ayw6c7wxgwgq3ds0mtl 
       foreign key (id) 
       references utilisateurs
30/05/2026 19:40:19 [main] DEBUG org.hibernate.SQL - 
    alter table if exists exemplaires 
       add constraint FKbfq7yrxn91ja6mxrm8d53fcho 
       foreign key (ouvrage_id) 
       references ouvrages
Hibernate: 
    alter table if exists exemplaires 
       add constraint FKbfq7yrxn91ja6mxrm8d53fcho 
       foreign key (ouvrage_id) 
       references ouvrages
30/05/2026 19:40:19 [main] DEBUG org.hibernate.SQL - 
    alter table if exists notifications 
       add constraint FKcb698onmh4p6jeh7eplp9vv02 
       foreign key (destinataire_id) 
       references utilisateurs
Hibernate: 
    alter table if exists notifications 
       add constraint FKcb698onmh4p6jeh7eplp9vv02 
       foreign key (destinataire_id) 
       references utilisateurs
30/05/2026 19:40:19 [main] DEBUG org.hibernate.SQL - 
    alter table if exists ouvrages 
       add constraint FKsfnxjit69es069q39d5xmiim5 
       foreign key (categorie_id) 
       references categories
Hibernate: 
    alter table if exists ouvrages 
       add constraint FKsfnxjit69es069q39d5xmiim5 
       foreign key (categorie_id) 
       references categories
30/05/2026 19:40:19 [main] DEBUG org.hibernate.SQL - 
    alter table if exists penalites 
       add constraint FKhvdc8ll0fby4cf0qqcublw47n 
       foreign key (emprunt_id) 
       references emprunts
Hibernate: 
    alter table if exists penalites 
       add constraint FKhvdc8ll0fby4cf0qqcublw47n 
       foreign key (emprunt_id) 
       references emprunts
30/05/2026 19:40:19 [main] DEBUG org.hibernate.SQL - 
    alter table if exists reservations 
       add constraint FKon7pq5g06e2l7nju8vc3ske4e 
       foreign key (etudiant_id) 
       references etudiants
Hibernate: 
    alter table if exists reservations 
       add constraint FKon7pq5g06e2l7nju8vc3ske4e 
       foreign key (etudiant_id) 
       references etudiants
30/05/2026 19:40:19 [main] DEBUG org.hibernate.SQL - 
    alter table if exists reservations 
       add constraint FKi40q3dvosqq3knndubpgr5hg9 
       foreign key (ouvrage_id) 
       references ouvrages
Hibernate: 
    alter table if exists reservations 
       add constraint FKi40q3dvosqq3knndubpgr5hg9 
       foreign key (ouvrage_id) 
       references ouvrages
30/05/2026 19:40:20 [main] INFO  o.s.o.j.LocalContainerEntityManagerFactoryBean - Initialized JPA EntityManagerFactory for persistence unit 'default'
30/05/2026 19:40:22 [main] INFO  o.s.d.j.r.q.QueryEnhancerFactory - Hibernate is in classpath; If applicable, HQL parser will be used.
30/05/2026 19:40:28 [main] INFO  c.u.b.r.UtilisateurRepositoryTest - Started UtilisateurRepositoryTest in 37.546 seconds (process running for 65.256)
30/05/2026 19:40:29 [main] DEBUG org.hibernate.SQL - 
    select
        u1_0.id,
        u1_0.dtype,
        u1_0.actif,
        u1_0.date_creation,
        u1_0.date_modification,
        u1_0.email,
        u1_0.mot_de_passe,
        u1_0.nom,
        u1_0.prenom,
        u1_0.role,
        u1_1.departement,
        u1_2.badge_numero,
        u1_2.service,
        u1_3.id,
        u1_3.filiere,
        u1_3.matricule,
        u1_3.niveau 
    from
        utilisateurs u1_0 
    left join
        administrateurs u1_1 
            on u1_0.id=u1_1.id 
    left join
        bibliothecaires u1_2 
            on u1_0.id=u1_2.id 
    left join
        etudiants u1_3 
            on u1_0.id=u1_3.id 
    where
        u1_0.email=?
Hibernate: 
    select
        u1_0.id,
        u1_0.dtype,
        u1_0.actif,
        u1_0.date_creation,
        u1_0.date_modification,
        u1_0.email,
        u1_0.mot_de_passe,
        u1_0.nom,
        u1_0.prenom,
        u1_0.role,
        u1_1.departement,
        u1_2.badge_numero,
        u1_2.service,
        u1_3.id,
        u1_3.filiere,
        u1_3.matricule,
        u1_3.niveau 
    from
        utilisateurs u1_0 
    left join
        administrateurs u1_1 
            on u1_0.id=u1_1.id 
    left join
        bibliothecaires u1_2 
            on u1_0.id=u1_2.id 
    left join
        etudiants u1_3 
            on u1_0.id=u1_3.id 
    where
        u1_0.email=?
]]></system-out>
  </testcase>
  <testcase name="countByRole_avecPlusieursEtudiants_doitRetournerNombreCorrect" classname="com.unz.bibliotheque.repository.UtilisateurRepositoryTest" time="1.54">
    <system-out><![CDATA[30/05/2026 19:40:30 [main] DEBUG org.hibernate.SQL - 
    insert 
    into
        utilisateurs
        (actif, date_creation, date_modification, email, mot_de_passe, nom, prenom, role, dtype, id) 
    values
        (?, ?, ?, ?, ?, ?, ?, ?, 'Etudiant', default)
Hibernate: 
    insert 
    into
        utilisateurs
        (actif, date_creation, date_modification, email, mot_de_passe, nom, prenom, role, dtype, id) 
    values
        (?, ?, ?, ?, ?, ?, ?, ?, 'Etudiant', default)
30/05/2026 19:40:30 [main] DEBUG org.hibernate.SQL - 
    insert 
    into
        etudiants
        (filiere, matricule, niveau, id) 
    values
        (?, ?, ?, ?)
Hibernate: 
    insert 
    into
        etudiants
        (filiere, matricule, niveau, id) 
    values
        (?, ?, ?, ?)
30/05/2026 19:40:30 [main] DEBUG org.hibernate.SQL - 
    insert 
    into
        utilisateurs
        (actif, date_creation, date_modification, email, mot_de_passe, nom, prenom, role, dtype, id) 
    values
        (?, ?, ?, ?, ?, ?, ?, ?, 'Etudiant', default)
Hibernate: 
    insert 
    into
        utilisateurs
        (actif, date_creation, date_modification, email, mot_de_passe, nom, prenom, role, dtype, id) 
    values
        (?, ?, ?, ?, ?, ?, ?, ?, 'Etudiant', default)
30/05/2026 19:40:30 [main] DEBUG org.hibernate.SQL - 
    insert 
    into
        etudiants
        (filiere, matricule, niveau, id) 
    values
        (?, ?, ?, ?)
Hibernate: 
    insert 
    into
        etudiants
        (filiere, matricule, niveau, id) 
    values
        (?, ?, ?, ?)
30/05/2026 19:40:31 [main] DEBUG org.hibernate.SQL - 
    insert 
    into
        utilisateurs
        (actif, date_creation, date_modification, email, mot_de_passe, nom, prenom, role, dtype, id) 
    values
        (?, ?, ?, ?, ?, ?, ?, ?, 'Etudiant', default)
Hibernate: 
    insert 
    into
        utilisateurs
        (actif, date_creation, date_modification, email, mot_de_passe, nom, prenom, role, dtype, id) 
    values
        (?, ?, ?, ?, ?, ?, ?, ?, 'Etudiant', default)
30/05/2026 19:40:31 [main] DEBUG org.hibernate.SQL - 
    insert 
    into
        etudiants
        (filiere, matricule, niveau, id) 
    values
        (?, ?, ?, ?)
Hibernate: 
    insert 
    into
        etudiants
        (filiere, matricule, niveau, id) 
    values
        (?, ?, ?, ?)
30/05/2026 19:40:31 [main] DEBUG org.hibernate.SQL - 
    select
        count(u1_0.id) 
    from
        utilisateurs u1_0 
    where
        u1_0.role=?
Hibernate: 
    select
        count(u1_0.id) 
    from
        utilisateurs u1_0 
    where
        u1_0.role=?
30/05/2026 19:40:31 [main] DEBUG org.hibernate.SQL - 
    select
        count(u1_0.id) 
    from
        utilisateurs u1_0 
    where
        u1_0.role=?
Hibernate: 
    select
        count(u1_0.id) 
    from
        utilisateurs u1_0 
    where
        u1_0.role=?
]]></system-out>
  </testcase>
  <testcase name="findByEmail_avecEmailExistant_doitRetournerUtilisateur" classname="com.unz.bibliotheque.repository.UtilisateurRepositoryTest" time="0.15">
    <system-out><![CDATA[30/05/2026 19:40:31 [main] DEBUG org.hibernate.SQL - 
    insert 
    into
        utilisateurs
        (actif, date_creation, date_modification, email, mot_de_passe, nom, prenom, role, dtype, id) 
    values
        (?, ?, ?, ?, ?, ?, ?, ?, 'Etudiant', default)
Hibernate: 
    insert 
    into
        utilisateurs
        (actif, date_creation, date_modification, email, mot_de_passe, nom, prenom, role, dtype, id) 
    values
        (?, ?, ?, ?, ?, ?, ?, ?, 'Etudiant', default)
30/05/2026 19:40:31 [main] DEBUG org.hibernate.SQL - 
    insert 
    into
        etudiants
        (filiere, matricule, niveau, id) 
    values
        (?, ?, ?, ?)
Hibernate: 
    insert 
    into
        etudiants
        (filiere, matricule, niveau, id) 
    values
        (?, ?, ?, ?)
30/05/2026 19:40:31 [main] DEBUG org.hibernate.SQL - 
    select
        u1_0.id,
        u1_0.dtype,
        u1_0.actif,
        u1_0.date_creation,
        u1_0.date_modification,
        u1_0.email,
        u1_0.mot_de_passe,
        u1_0.nom,
        u1_0.prenom,
        u1_0.role,
        u1_1.departement,
        u1_2.badge_numero,
        u1_2.service,
        u1_3.id,
        u1_3.filiere,
        u1_3.matricule,
        u1_3.niveau 
    from
        utilisateurs u1_0 
    left join
        administrateurs u1_1 
            on u1_0.id=u1_1.id 
    left join
        bibliothecaires u1_2 
            on u1_0.id=u1_2.id 
    left join
        etudiants u1_3 
            on u1_0.id=u1_3.id 
    where
        u1_0.email=?
Hibernate: 
    select
        u1_0.id,
        u1_0.dtype,
        u1_0.actif,
        u1_0.date_creation,
        u1_0.date_modification,
        u1_0.email,
        u1_0.mot_de_passe,
        u1_0.nom,
        u1_0.prenom,
        u1_0.role,
        u1_1.departement,
        u1_2.badge_numero,
        u1_2.service,
        u1_3.id,
        u1_3.filiere,
        u1_3.matricule,
        u1_3.niveau 
    from
        utilisateurs u1_0 
    left join
        administrateurs u1_1 
            on u1_0.id=u1_1.id 
    left join
        bibliothecaires u1_2 
            on u1_0.id=u1_2.id 
    left join
        etudiants u1_3 
            on u1_0.id=u1_3.id 
    where
        u1_0.email=?
]]></system-out>
  </testcase>
  <testcase name="existsByEmail_avecEmailExistant_doitRetournerTrue" classname="com.unz.bibliotheque.repository.UtilisateurRepositoryTest" time="0.198">
    <system-out><![CDATA[30/05/2026 19:40:31 [main] DEBUG org.hibernate.SQL - 
    insert 
    into
        utilisateurs
        (actif, date_creation, date_modification, email, mot_de_passe, nom, prenom, role, dtype, id) 
    values
        (?, ?, ?, ?, ?, ?, ?, ?, 'Etudiant', default)
Hibernate: 
    insert 
    into
        utilisateurs
        (actif, date_creation, date_modification, email, mot_de_passe, nom, prenom, role, dtype, id) 
    values
        (?, ?, ?, ?, ?, ?, ?, ?, 'Etudiant', default)
30/05/2026 19:40:31 [main] DEBUG org.hibernate.SQL - 
    insert 
    into
        etudiants
        (filiere, matricule, niveau, id) 
    values
        (?, ?, ?, ?)
Hibernate: 
    insert 
    into
        etudiants
        (filiere, matricule, niveau, id) 
    values
        (?, ?, ?, ?)
30/05/2026 19:40:31 [main] DEBUG org.hibernate.SQL - 
    select
        u1_0.id 
    from
        utilisateurs u1_0 
    where
        u1_0.email=? 
    fetch
        first ? rows only
Hibernate: 
    select
        u1_0.id 
    from
        utilisateurs u1_0 
    where
        u1_0.email=? 
    fetch
        first ? rows only
]]></system-out>
  </testcase>
  <testcase name="existsByEmail_avecEmailInexistant_doitRetournerFalse" classname="com.unz.bibliotheque.repository.UtilisateurRepositoryTest" time="0.268">
    <system-out><![CDATA[30/05/2026 19:40:31 [main] DEBUG org.hibernate.SQL - 
    select
        u1_0.id 
    from
        utilisateurs u1_0 
    where
        u1_0.email=? 
    fetch
        first ? rows only
Hibernate: 
    select
        u1_0.id 
    from
        utilisateurs u1_0 
    where
        u1_0.email=? 
    fetch
        first ? rows only
]]></system-out>
  </testcase>
</testsuite>